This is pdfTeX, Version 3.141592653-2.6-1.40.25 (TeX Live 2023/Debian) (preloaded format=pdflatex 2024.10.7)  16 JUL 2025 00:51
entering extended mode
 restricted \write18 enabled.
 %&-line parsing enabled.
**dissertation.tex
(./dissertation.tex
LaTeX2e <2023-11-01> patch level 1
L3 programming layer <2024-01-22>
(/usr/share/texlive/texmf-dist/tex/latex/base/report.cls
Document Class: report 2023/05/17 v1.4n Standard LaTeX document class
(/usr/share/texlive/texmf-dist/tex/latex/base/size12.clo
File: size12.clo 2023/05/17 v1.4n Standard LaTeX file (size option)
)
\c@part=\count187
\c@chapter=\count188
\c@section=\count189
\c@subsection=\count190
\c@subsubsection=\count191
\c@paragraph=\count192
\c@subparagraph=\count193
\c@figure=\count194
\c@table=\count195
\abovecaptionskip=\skip48
\belowcaptionskip=\skip49
\bibindent=\dimen140
)
(/usr/share/texlive/texmf-dist/tex/latex/base/fontenc.sty
Package: fontenc 2021/04/29 v2.0v Standard LaTeX package
)
(/usr/share/texmf/tex/latex/tex-gyre/tgpagella.sty
Package: tgpagella 2009/09/27 v1.2 TeX Gyre Pagella as default roman family

(/usr/share/texlive/texmf-dist/tex/latex/kvoptions/kvoptions.sty
Package: kvoptions 2022-06-15 v3.15 Key value format for package options (HO)

(/usr/share/texlive/texmf-dist/tex/latex/graphics/keyval.sty
Package: keyval 2022/05/29 v1.15 key=value parser (DPC)
\KV@toks@=\toks17
)
(/usr/share/texlive/texmf-dist/tex/generic/ltxcmds/ltxcmds.sty
Package: ltxcmds 2023-12-04 v1.26 LaTeX kernel commands for general use (HO)
)
(/usr/share/texlive/texmf-dist/tex/latex/kvsetkeys/kvsetkeys.sty
Package: kvsetkeys 2022-10-05 v1.19 Key value parser (HO)
)))
(/usr/share/texlive/texmf-dist/tex/latex/geometry/geometry.sty
Package: geometry 2020/01/02 v5.9 Page Geometry

(/usr/share/texlive/texmf-dist/tex/generic/iftex/ifvtex.sty
Package: ifvtex 2019/10/25 v1.7 ifvtex legacy package. Use iftex instead.

(/usr/share/texlive/texmf-dist/tex/generic/iftex/iftex.sty
Package: iftex 2022/02/03 v1.0f TeX engine tests
))
\Gm@cnth=\count196
\Gm@cntv=\count197
\c@Gm@tempcnt=\count198
\Gm@bindingoffset=\dimen141
\Gm@wd@mp=\dimen142
\Gm@odd@mp=\dimen143
\Gm@even@mp=\dimen144
\Gm@layoutwidth=\dimen145
\Gm@layoutheight=\dimen146
\Gm@layouthoffset=\dimen147
\Gm@layoutvoffset=\dimen148
\Gm@dimlist=\toks18
)
(/usr/share/texlive/texmf-dist/tex/latex/natbib/natbib.sty
Package: natbib 2010/09/13 8.31b (PWD, AO)
\bibhang=\skip50
\bibsep=\skip51
LaTeX Info: Redefining \cite on input line 694.
\c@NAT@ctr=\count199
)
(/usr/share/texlive/texmf-dist/tex/latex/pgf/frontendlayer/tikz.sty
(/usr/share/texlive/texmf-dist/tex/latex/pgf/basiclayer/pgf.sty
(/usr/share/texlive/texmf-dist/tex/latex/pgf/utilities/pgfrcs.sty
(/usr/share/texlive/texmf-dist/tex/generic/pgf/utilities/pgfutil-common.tex
\pgfutil@everybye=\toks19
\pgfutil@tempdima=\dimen149
\pgfutil@tempdimb=\dimen150
)
(/usr/share/texlive/texmf-dist/tex/generic/pgf/utilities/pgfutil-latex.def
\pgfutil@abb=\box51
)
(/usr/share/texlive/texmf-dist/tex/generic/pgf/utilities/pgfrcs.code.tex
(/usr/share/texlive/texmf-dist/tex/generic/pgf/pgf.revision.tex)
Package: pgfrcs 2023-01-15 v3.1.10 (3.1.10)
))
Package: pgf 2023-01-15 v3.1.10 (3.1.10)

(/usr/share/texlive/texmf-dist/tex/latex/pgf/basiclayer/pgfcore.sty
(/usr/share/texlive/texmf-dist/tex/latex/graphics/graphicx.sty
Package: graphicx 2021/09/16 v1.2d Enhanced LaTeX Graphics (DPC,SPQR)

(/usr/share/texlive/texmf-dist/tex/latex/graphics/graphics.sty
Package: graphics 2022/03/10 v1.4e Standard LaTeX Graphics (DPC,SPQR)

(/usr/share/texlive/texmf-dist/tex/latex/graphics/trig.sty
Package: trig 2021/08/11 v1.11 sin cos tan (DPC)
)
(/usr/share/texlive/texmf-dist/tex/latex/graphics-cfg/graphics.cfg
File: graphics.cfg 2016/06/04 v1.11 sample graphics configuration
)
Package graphics Info: Driver file: pdftex.def on input line 107.

(/usr/share/texlive/texmf-dist/tex/latex/graphics-def/pdftex.def
File: pdftex.def 2022/09/22 v1.2b Graphics/color driver for pdftex
))
\Gin@req@height=\dimen151
\Gin@req@width=\dimen152
)
(/usr/share/texlive/texmf-dist/tex/latex/pgf/systemlayer/pgfsys.sty
(/usr/share/texlive/texmf-dist/tex/generic/pgf/systemlayer/pgfsys.code.tex
Package: pgfsys 2023-01-15 v3.1.10 (3.1.10)

(/usr/share/texlive/texmf-dist/tex/generic/pgf/utilities/pgfkeys.code.tex
\pgfkeys@pathtoks=\toks20
\pgfkeys@temptoks=\toks21

(/usr/share/texlive/texmf-dist/tex/generic/pgf/utilities/pgfkeyslibraryfiltered
.code.tex
\pgfkeys@tmptoks=\toks22
))
\pgf@x=\dimen153
\pgf@y=\dimen154
\pgf@xa=\dimen155
\pgf@ya=\dimen156
\pgf@xb=\dimen157
\pgf@yb=\dimen158
\pgf@xc=\dimen159
\pgf@yc=\dimen160
\pgf@xd=\dimen161
\pgf@yd=\dimen162
\w@pgf@writea=\write3
\r@pgf@reada=\read2
\c@pgf@counta=\count266
\c@pgf@countb=\count267
\c@pgf@countc=\count268
\c@pgf@countd=\count269
\t@pgf@toka=\toks23
\t@pgf@tokb=\toks24
\t@pgf@tokc=\toks25
\pgf@sys@id@count=\count270
 (/usr/share/texlive/texmf-dist/tex/generic/pgf/systemlayer/pgf.cfg
File: pgf.cfg 2023-01-15 v3.1.10 (3.1.10)
)
Driver file for pgf: pgfsys-pdftex.def
(/usr/share/texlive/texmf-dist/tex/generic/pgf/systemlayer/pgfsys-pdftex.def
File: pgfsys-pdftex.def 2023-01-15 v3.1.10 (3.1.10)

(/usr/share/texlive/texmf-dist/tex/generic/pgf/systemlayer/pgfsys-common-pdf.de
f
File: pgfsys-common-pdf.def 2023-01-15 v3.1.10 (3.1.10)
)))
(/usr/share/texlive/texmf-dist/tex/generic/pgf/systemlayer/pgfsyssoftpath.code.
tex
File: pgfsyssoftpath.code.tex 2023-01-15 v3.1.10 (3.1.10)
\pgfsyssoftpath@smallbuffer@items=\count271
\pgfsyssoftpath@bigbuffer@items=\count272
)
(/usr/share/texlive/texmf-dist/tex/generic/pgf/systemlayer/pgfsysprotocol.code.
tex
File: pgfsysprotocol.code.tex 2023-01-15 v3.1.10 (3.1.10)
)) (/usr/share/texlive/texmf-dist/tex/latex/xcolor/xcolor.sty
Package: xcolor 2023/11/15 v3.01 LaTeX color extensions (UK)

(/usr/share/texlive/texmf-dist/tex/latex/graphics-cfg/color.cfg
File: color.cfg 2016/01/02 v1.6 sample color configuration
)
Package xcolor Info: Driver file: pdftex.def on input line 274.

(/usr/share/texlive/texmf-dist/tex/latex/graphics/mathcolor.ltx)
Package xcolor Info: Model `cmy' substituted by `cmy0' on input line 1350.
Package xcolor Info: Model `hsb' substituted by `rgb' on input line 1354.
Package xcolor Info: Model `RGB' extended on input line 1366.
Package xcolor Info: Model `HTML' substituted by `rgb' on input line 1368.
Package xcolor Info: Model `Hsb' substituted by `hsb' on input line 1369.
Package xcolor Info: Model `tHsb' substituted by `hsb' on input line 1370.
Package xcolor Info: Model `HSB' substituted by `hsb' on input line 1371.
Package xcolor Info: Model `Gray' substituted by `gray' on input line 1372.
Package xcolor Info: Model `wave' substituted by `hsb' on input line 1373.
)
(/usr/share/texlive/texmf-dist/tex/generic/pgf/basiclayer/pgfcore.code.tex
Package: pgfcore 2023-01-15 v3.1.10 (3.1.10)

(/usr/share/texlive/texmf-dist/tex/generic/pgf/math/pgfmath.code.tex
(/usr/share/texlive/texmf-dist/tex/generic/pgf/math/pgfmathutil.code.tex)
(/usr/share/texlive/texmf-dist/tex/generic/pgf/math/pgfmathparser.code.tex
\pgfmath@dimen=\dimen163
\pgfmath@count=\count273
\pgfmath@box=\box52
\pgfmath@toks=\toks26
\pgfmath@stack@operand=\toks27
\pgfmath@stack@operation=\toks28
)
(/usr/share/texlive/texmf-dist/tex/generic/pgf/math/pgfmathfunctions.code.tex)
(/usr/share/texlive/texmf-dist/tex/generic/pgf/math/pgfmathfunctions.basic.code
.tex)
(/usr/share/texlive/texmf-dist/tex/generic/pgf/math/pgfmathfunctions.trigonomet
ric.code.tex)
(/usr/share/texlive/texmf-dist/tex/generic/pgf/math/pgfmathfunctions.random.cod
e.tex)
(/usr/share/texlive/texmf-dist/tex/generic/pgf/math/pgfmathfunctions.comparison
.code.tex)
(/usr/share/texlive/texmf-dist/tex/generic/pgf/math/pgfmathfunctions.base.code.
tex)
(/usr/share/texlive/texmf-dist/tex/generic/pgf/math/pgfmathfunctions.round.code
.tex)
(/usr/share/texlive/texmf-dist/tex/generic/pgf/math/pgfmathfunctions.misc.code.
tex)
(/usr/share/texlive/texmf-dist/tex/generic/pgf/math/pgfmathfunctions.integerari
thmetics.code.tex)
(/usr/share/texlive/texmf-dist/tex/generic/pgf/math/pgfmathcalc.code.tex)
(/usr/share/texlive/texmf-dist/tex/generic/pgf/math/pgfmathfloat.code.tex
\c@pgfmathroundto@lastzeros=\count274
))
(/usr/share/texlive/texmf-dist/tex/generic/pgf/math/pgfint.code.tex)
(/usr/share/texlive/texmf-dist/tex/generic/pgf/basiclayer/pgfcorepoints.code.te
x
File: pgfcorepoints.code.tex 2023-01-15 v3.1.10 (3.1.10)
\pgf@picminx=\dimen164
\pgf@picmaxx=\dimen165
\pgf@picminy=\dimen166
\pgf@picmaxy=\dimen167
\pgf@pathminx=\dimen168
\pgf@pathmaxx=\dimen169
\pgf@pathminy=\dimen170
\pgf@pathmaxy=\dimen171
\pgf@xx=\dimen172
\pgf@xy=\dimen173
\pgf@yx=\dimen174
\pgf@yy=\dimen175
\pgf@zx=\dimen176
\pgf@zy=\dimen177
LaTeX Font Info:    Trying to load font information for T1+qpl on input line 92
6.
 (/usr/share/texmf/tex/latex/tex-gyre/t1qpl.fd
File: t1qpl.fd 2009/09/25 v1.2 font definition file for T1/qpl
))
(/usr/share/texlive/texmf-dist/tex/generic/pgf/basiclayer/pgfcorepathconstruct.
code.tex
File: pgfcorepathconstruct.code.tex 2023-01-15 v3.1.10 (3.1.10)
\pgf@path@lastx=\dimen178
\pgf@path@lasty=\dimen179
)
(/usr/share/texlive/texmf-dist/tex/generic/pgf/basiclayer/pgfcorepathusage.code
.tex
File: pgfcorepathusage.code.tex 2023-01-15 v3.1.10 (3.1.10)
\pgf@shorten@end@additional=\dimen180
\pgf@shorten@start@additional=\dimen181
)
(/usr/share/texlive/texmf-dist/tex/generic/pgf/basiclayer/pgfcorescopes.code.te
x
File: pgfcorescopes.code.tex 2023-01-15 v3.1.10 (3.1.10)
\pgfpic=\box53
\pgf@hbox=\box54
\pgf@layerbox@main=\box55
\pgf@picture@serial@count=\count275
)
(/usr/share/texlive/texmf-dist/tex/generic/pgf/basiclayer/pgfcoregraphicstate.c
ode.tex
File: pgfcoregraphicstate.code.tex 2023-01-15 v3.1.10 (3.1.10)
\pgflinewidth=\dimen182
)
(/usr/share/texlive/texmf-dist/tex/generic/pgf/basiclayer/pgfcoretransformation
s.code.tex
File: pgfcoretransformations.code.tex 2023-01-15 v3.1.10 (3.1.10)
\pgf@pt@x=\dimen183
\pgf@pt@y=\dimen184
\pgf@pt@temp=\dimen185
)
(/usr/share/texlive/texmf-dist/tex/generic/pgf/basiclayer/pgfcorequick.code.tex
File: pgfcorequick.code.tex 2023-01-15 v3.1.10 (3.1.10)
)
(/usr/share/texlive/texmf-dist/tex/generic/pgf/basiclayer/pgfcoreobjects.code.t
ex
File: pgfcoreobjects.code.tex 2023-01-15 v3.1.10 (3.1.10)
)
(/usr/share/texlive/texmf-dist/tex/generic/pgf/basiclayer/pgfcorepathprocessing
.code.tex
File: pgfcorepathprocessing.code.tex 2023-01-15 v3.1.10 (3.1.10)
)
(/usr/share/texlive/texmf-dist/tex/generic/pgf/basiclayer/pgfcorearrows.code.te
x
File: pgfcorearrows.code.tex 2023-01-15 v3.1.10 (3.1.10)
\pgfarrowsep=\dimen186
)
(/usr/share/texlive/texmf-dist/tex/generic/pgf/basiclayer/pgfcoreshade.code.tex
File: pgfcoreshade.code.tex 2023-01-15 v3.1.10 (3.1.10)
\pgf@max=\dimen187
\pgf@sys@shading@range@num=\count276
\pgf@shadingcount=\count277
)
(/usr/share/texlive/texmf-dist/tex/generic/pgf/basiclayer/pgfcoreimage.code.tex
File: pgfcoreimage.code.tex 2023-01-15 v3.1.10 (3.1.10)
)
(/usr/share/texlive/texmf-dist/tex/generic/pgf/basiclayer/pgfcoreexternal.code.
tex
File: pgfcoreexternal.code.tex 2023-01-15 v3.1.10 (3.1.10)
\pgfexternal@startupbox=\box56
)
(/usr/share/texlive/texmf-dist/tex/generic/pgf/basiclayer/pgfcorelayers.code.te
x
File: pgfcorelayers.code.tex 2023-01-15 v3.1.10 (3.1.10)
)
(/usr/share/texlive/texmf-dist/tex/generic/pgf/basiclayer/pgfcoretransparency.c
ode.tex
File: pgfcoretransparency.code.tex 2023-01-15 v3.1.10 (3.1.10)
)
(/usr/share/texlive/texmf-dist/tex/generic/pgf/basiclayer/pgfcorepatterns.code.
tex
File: pgfcorepatterns.code.tex 2023-01-15 v3.1.10 (3.1.10)
)
(/usr/share/texlive/texmf-dist/tex/generic/pgf/basiclayer/pgfcorerdf.code.tex
File: pgfcorerdf.code.tex 2023-01-15 v3.1.10 (3.1.10)
)))
(/usr/share/texlive/texmf-dist/tex/generic/pgf/modules/pgfmoduleshapes.code.tex
File: pgfmoduleshapes.code.tex 2023-01-15 v3.1.10 (3.1.10)
\pgfnodeparttextbox=\box57
) (/usr/share/texlive/texmf-dist/tex/generic/pgf/modules/pgfmoduleplot.code.tex
File: pgfmoduleplot.code.tex 2023-01-15 v3.1.10 (3.1.10)
)
(/usr/share/texlive/texmf-dist/tex/latex/pgf/compatibility/pgfcomp-version-0-65
.sty
Package: pgfcomp-version-0-65 2023-01-15 v3.1.10 (3.1.10)
\pgf@nodesepstart=\dimen188
\pgf@nodesepend=\dimen189
)
(/usr/share/texlive/texmf-dist/tex/latex/pgf/compatibility/pgfcomp-version-1-18
.sty
Package: pgfcomp-version-1-18 2023-01-15 v3.1.10 (3.1.10)
)) (/usr/share/texlive/texmf-dist/tex/latex/pgf/utilities/pgffor.sty
(/usr/share/texlive/texmf-dist/tex/latex/pgf/utilities/pgfkeys.sty
(/usr/share/texlive/texmf-dist/tex/generic/pgf/utilities/pgfkeys.code.tex))
(/usr/share/texlive/texmf-dist/tex/latex/pgf/math/pgfmath.sty
(/usr/share/texlive/texmf-dist/tex/generic/pgf/math/pgfmath.code.tex))
(/usr/share/texlive/texmf-dist/tex/generic/pgf/utilities/pgffor.code.tex
Package: pgffor 2023-01-15 v3.1.10 (3.1.10)
\pgffor@iter=\dimen190
\pgffor@skip=\dimen191
\pgffor@stack=\toks29
\pgffor@toks=\toks30
))
(/usr/share/texlive/texmf-dist/tex/generic/pgf/frontendlayer/tikz/tikz.code.tex
Package: tikz 2023-01-15 v3.1.10 (3.1.10)

(/usr/share/texlive/texmf-dist/tex/generic/pgf/libraries/pgflibraryplothandlers
.code.tex
File: pgflibraryplothandlers.code.tex 2023-01-15 v3.1.10 (3.1.10)
\pgf@plot@mark@count=\count278
\pgfplotmarksize=\dimen192
)
\tikz@lastx=\dimen193
\tikz@lasty=\dimen194
\tikz@lastxsaved=\dimen195
\tikz@lastysaved=\dimen196
\tikz@lastmovetox=\dimen197
\tikz@lastmovetoy=\dimen198
\tikzleveldistance=\dimen199
\tikzsiblingdistance=\dimen256
\tikz@figbox=\box58
\tikz@figbox@bg=\box59
\tikz@tempbox=\box60
\tikz@tempbox@bg=\box61
\tikztreelevel=\count279
\tikznumberofchildren=\count280
\tikznumberofcurrentchild=\count281
\tikz@fig@count=\count282

(/usr/share/texlive/texmf-dist/tex/generic/pgf/modules/pgfmodulematrix.code.tex
File: pgfmodulematrix.code.tex 2023-01-15 v3.1.10 (3.1.10)
\pgfmatrixcurrentrow=\count283
\pgfmatrixcurrentcolumn=\count284
\pgf@matrix@numberofcolumns=\count285
)
\tikz@expandcount=\count286

(/usr/share/texlive/texmf-dist/tex/generic/pgf/frontendlayer/tikz/libraries/tik
zlibrarytopaths.code.tex
File: tikzlibrarytopaths.code.tex 2023-01-15 v3.1.10 (3.1.10)
)))
(/usr/share/texlive/texmf-dist/tex/generic/pgf/frontendlayer/tikz/libraries/tik
zlibrarypatterns.code.tex
File: tikzlibrarypatterns.code.tex 2023-01-15 v3.1.10 (3.1.10)

(/usr/share/texlive/texmf-dist/tex/generic/pgf/libraries/pgflibrarypatterns.cod
e.tex
File: pgflibrarypatterns.code.tex 2023-01-15 v3.1.10 (3.1.10)
)) (/usr/share/texlive/texmf-dist/tex/latex/setspace/setspace.sty
Package: setspace 2022/12/04 v6.7b set line spacing
)
\symextraup=\mathgroup4

(/usr/share/texlive/texmf-dist/tex/latex/hyperref/hyperref.sty
Package: hyperref 2024-01-20 v7.01h Hypertext links for LaTeX

(/usr/share/texlive/texmf-dist/tex/generic/kvdefinekeys/kvdefinekeys.sty
Package: kvdefinekeys 2019-12-19 v1.6 Define keys (HO)
)
(/usr/share/texlive/texmf-dist/tex/generic/pdfescape/pdfescape.sty
Package: pdfescape 2019/12/09 v1.15 Implements pdfTeX's escape features (HO)

(/usr/share/texlive/texmf-dist/tex/generic/pdftexcmds/pdftexcmds.sty
Package: pdftexcmds 2020-06-27 v0.33 Utility functions of pdfTeX for LuaTeX (HO
)

(/usr/share/texlive/texmf-dist/tex/generic/infwarerr/infwarerr.sty
Package: infwarerr 2019/12/03 v1.5 Providing info/warning/error messages (HO)
)
Package pdftexcmds Info: \pdf@primitive is available.
Package pdftexcmds Info: \pdf@ifprimitive is available.
Package pdftexcmds Info: \pdfdraftmode found.
))
(/usr/share/texlive/texmf-dist/tex/latex/hycolor/hycolor.sty
Package: hycolor 2020-01-27 v1.10 Color options for hyperref/bookmark (HO)
)
(/usr/share/texlive/texmf-dist/tex/latex/auxhook/auxhook.sty
Package: auxhook 2019-12-17 v1.6 Hooks for auxiliary files (HO)
)
(/usr/share/texlive/texmf-dist/tex/latex/hyperref/nameref.sty
Package: nameref 2023-11-26 v2.56 Cross-referencing by name of section

(/usr/share/texlive/texmf-dist/tex/latex/refcount/refcount.sty
Package: refcount 2019/12/15 v3.6 Data extraction from label references (HO)
)
(/usr/share/texlive/texmf-dist/tex/generic/gettitlestring/gettitlestring.sty
Package: gettitlestring 2019/12/15 v1.6 Cleanup title references (HO)
)
\c@section@level=\count287
)
(/usr/share/texlive/texmf-dist/tex/latex/etoolbox/etoolbox.sty
Package: etoolbox 2020/10/05 v2.5k e-TeX tools for LaTeX (JAW)
\etb@tempcnta=\count288
)
\@linkdim=\dimen257
\Hy@linkcounter=\count289
\Hy@pagecounter=\count290

(/usr/share/texlive/texmf-dist/tex/latex/hyperref/pd1enc.def
File: pd1enc.def 2024-01-20 v7.01h Hyperref: PDFDocEncoding definition (HO)
Now handling font encoding PD1 ...
... no UTF-8 mapping file for font encoding PD1
)
(/usr/share/texlive/texmf-dist/tex/generic/intcalc/intcalc.sty
Package: intcalc 2019/12/15 v1.3 Expandable calculations with integers (HO)
)
\Hy@SavedSpaceFactor=\count291

(/usr/share/texlive/texmf-dist/tex/latex/hyperref/puenc.def
File: puenc.def 2024-01-20 v7.01h Hyperref: PDF Unicode definition (HO)
Now handling font encoding PU ...
... no UTF-8 mapping file for font encoding PU
)
Package hyperref Info: Hyper figures OFF on input line 4179.
Package hyperref Info: Link nesting OFF on input line 4184.
Package hyperref Info: Hyper index ON on input line 4187.
Package hyperref Info: Plain pages OFF on input line 4194.
Package hyperref Info: Backreferencing OFF on input line 4199.
Package hyperref Info: Implicit mode ON; LaTeX internals redefined.
Package hyperref Info: Bookmarks ON on input line 4446.
\c@Hy@tempcnt=\count292

(/usr/share/texlive/texmf-dist/tex/latex/url/url.sty
\Urlmuskip=\muskip16
Package: url 2013/09/16  ver 3.4  Verb mode for urls, etc.
)
LaTeX Info: Redefining \url on input line 4784.
\XeTeXLinkMargin=\dimen258

(/usr/share/texlive/texmf-dist/tex/generic/bitset/bitset.sty
Package: bitset 2019/12/09 v1.3 Handle bit-vector datatype (HO)

(/usr/share/texlive/texmf-dist/tex/generic/bigintcalc/bigintcalc.sty
Package: bigintcalc 2019/12/15 v1.5 Expandable calculations on big integers (HO
)
))
\Fld@menulength=\count293
\Field@Width=\dimen259
\Fld@charsize=\dimen260
Package hyperref Info: Hyper figures OFF on input line 6063.
Package hyperref Info: Link nesting OFF on input line 6068.
Package hyperref Info: Hyper index ON on input line 6071.
Package hyperref Info: backreferencing OFF on input line 6078.
Package hyperref Info: Link coloring OFF on input line 6083.
Package hyperref Info: Link coloring with OCG OFF on input line 6088.
Package hyperref Info: PDF/A mode OFF on input line 6093.

(/usr/share/texlive/texmf-dist/tex/latex/base/atbegshi-ltx.sty
Package: atbegshi-ltx 2021/01/10 v1.0c Emulation of the original atbegshi
package with kernel methods
)
\Hy@abspage=\count294
\c@Item=\count295
\c@Hfootnote=\count296
)
Package hyperref Info: Driver (autodetected): hpdftex.

(/usr/share/texlive/texmf-dist/tex/latex/hyperref/hpdftex.def
File: hpdftex.def 2024-01-20 v7.01h Hyperref driver for pdfTeX

(/usr/share/texlive/texmf-dist/tex/latex/base/atveryend-ltx.sty
Package: atveryend-ltx 2020/08/19 v1.0a Emulation of the original atveryend pac
kage
with kernel methods
)
\Fld@listcount=\count297
\c@bookmark@seq@number=\count298

(/usr/share/texlive/texmf-dist/tex/latex/rerunfilecheck/rerunfilecheck.sty
Package: rerunfilecheck 2022-07-10 v1.10 Rerun checks for auxiliary files (HO)

(/usr/share/texlive/texmf-dist/tex/generic/uniquecounter/uniquecounter.sty
Package: uniquecounter 2019/12/15 v1.4 Provide unlimited unique counter (HO)
)
Package uniquecounter Info: New unique counter `rerunfilecheck' on input line 2
85.
)
\Hy@SectionHShift=\skip52
)
(/usr/share/texlive/texmf-dist/tex/latex/wrapfig/wrapfig.sty
\wrapoverhang=\dimen261
\WF@size=\dimen262
\c@WF@wrappedlines=\count299
\WF@box=\box62
\WF@everypar=\toks31
Package: wrapfig 2003/01/31  v 3.6
)
(/usr/share/texlive/texmf-dist/tex/latex/cancel/cancel.sty
Package: cancel 2013/04/12 v2.2 Cancel math terms
)
(/usr/share/texlive/texmf-dist/tex/latex/booktabs/booktabs.sty
Package: booktabs 2020/01/12 v1.61803398 Publication quality tables
\heavyrulewidth=\dimen263
\lightrulewidth=\dimen264
\cmidrulewidth=\dimen265
\belowrulesep=\dimen266
\belowbottomsep=\dimen267
\aboverulesep=\dimen268
\abovetopsep=\dimen269
\cmidrulesep=\dimen270
\cmidrulekern=\dimen271
\defaultaddspace=\dimen272
\@cmidla=\count300
\@cmidlb=\count301
\@aboverulesep=\dimen273
\@belowrulesep=\dimen274
\@thisruleclass=\count302
\@lastruleclass=\count303
\@thisrulewidth=\dimen275
)
(/usr/share/texlive/texmf-dist/tex/latex/oberdiek/centernot.sty
Package: centernot 2016/05/16 v1.4 Centers the not symbol horizontally (HO)
)
(/usr/share/texlive/texmf-dist/tex/latex/tools/multicol.sty
Package: multicol 2023/03/30 v1.9f multicolumn formatting (FMi)
\c@tracingmulticols=\count304
\mult@box=\box63
\multicol@leftmargin=\dimen276
\c@unbalance=\count305
\c@collectmore=\count306
\doublecol@number=\count307
\multicoltolerance=\count308
\multicolpretolerance=\count309
\full@width=\dimen277
\page@free=\dimen278
\premulticols=\dimen279
\postmulticols=\dimen280
\multicolsep=\skip53
\multicolbaselineskip=\skip54
\partial@page=\box64
\last@line=\box65
\mc@boxedresult=\box66
\maxbalancingoverflow=\dimen281
\mult@rightbox=\box67
\mult@grightbox=\box68
\mult@firstbox=\box69
\mult@gfirstbox=\box70
\@tempa=\box71
\@tempa=\box72
\@tempa=\box73
\@tempa=\box74
\@tempa=\box75
\@tempa=\box76
\@tempa=\box77
\@tempa=\box78
\@tempa=\box79
\@tempa=\box80
\@tempa=\box81
\@tempa=\box82
\@tempa=\box83
\@tempa=\box84
\@tempa=\box85
\@tempa=\box86
\@tempa=\box87
\@tempa=\box88
\@tempa=\box89
\@tempa=\box90
\@tempa=\box91
\@tempa=\box92
\@tempa=\box93
\@tempa=\box94
\@tempa=\box95
\@tempa=\box96
\@tempa=\box97
\@tempa=\box98
\@tempa=\box99
\@tempa=\box100
\@tempa=\box101
\@tempa=\box102
\@tempa=\box103
\@tempa=\box104
\@tempa=\box105
\@tempa=\box106
\c@minrows=\count310
\c@columnbadness=\count311
\c@finalcolumnbadness=\count312
\last@try=\dimen282
\multicolovershoot=\dimen283
\multicolundershoot=\dimen284
\mult@nat@firstbox=\box107
\colbreak@box=\box108
\mc@col@check@num=\count313
)
(/usr/share/texlive/texmf-dist/tex/latex/amsmath/amsmath.sty
Package: amsmath 2023/05/13 v2.17o AMS math features
\@mathmargin=\skip55

For additional information on amsmath, use the `?' option.
(/usr/share/texlive/texmf-dist/tex/latex/amsmath/amstext.sty
Package: amstext 2021/08/26 v2.01 AMS text

(/usr/share/texlive/texmf-dist/tex/latex/amsmath/amsgen.sty
File: amsgen.sty 1999/11/30 v2.0 generic functions
\@emptytoks=\toks32
\ex@=\dimen285
))
(/usr/share/texlive/texmf-dist/tex/latex/amsmath/amsbsy.sty
Package: amsbsy 1999/11/29 v1.2d Bold Symbols
\pmbraise@=\dimen286
)
(/usr/share/texlive/texmf-dist/tex/latex/amsmath/amsopn.sty
Package: amsopn 2022/04/08 v2.04 operator names
)
\inf@bad=\count314
LaTeX Info: Redefining \frac on input line 234.
\uproot@=\count315
\leftroot@=\count316
LaTeX Info: Redefining \overline on input line 399.
LaTeX Info: Redefining \colon on input line 410.
\classnum@=\count317
\DOTSCASE@=\count318
LaTeX Info: Redefining \ldots on input line 496.
LaTeX Info: Redefining \dots on input line 499.
LaTeX Info: Redefining \cdots on input line 620.
\Mathstrutbox@=\box109
\strutbox@=\box110
LaTeX Info: Redefining \big on input line 722.
LaTeX Info: Redefining \Big on input line 723.
LaTeX Info: Redefining \bigg on input line 724.
LaTeX Info: Redefining \Bigg on input line 725.
\big@size=\dimen287
LaTeX Font Info:    Redeclaring font encoding OML on input line 743.
LaTeX Font Info:    Redeclaring font encoding OMS on input line 744.
\macc@depth=\count319
LaTeX Info: Redefining \bmod on input line 905.
LaTeX Info: Redefining \pmod on input line 910.
LaTeX Info: Redefining \smash on input line 940.
LaTeX Info: Redefining \relbar on input line 970.
LaTeX Info: Redefining \Relbar on input line 971.
\c@MaxMatrixCols=\count320
\dotsspace@=\muskip17
\c@parentequation=\count321
\dspbrk@lvl=\count322
\tag@help=\toks33
\row@=\count323
\column@=\count324
\maxfields@=\count325
\andhelp@=\toks34
\eqnshift@=\dimen288
\alignsep@=\dimen289
\tagshift@=\dimen290
\tagwidth@=\dimen291
\totwidth@=\dimen292
\lineht@=\dimen293
\@envbody=\toks35
\multlinegap=\skip56
\multlinetaggap=\skip57
\mathdisplay@stack=\toks36
LaTeX Info: Redefining \[ on input line 2953.
LaTeX Info: Redefining \] on input line 2954.
)
(/usr/share/texlive/texmf-dist/tex/latex/stmaryrd/stmaryrd.sty
Package: stmaryrd 1994/03/03 St Mary's Road symbol package
\symstmry=\mathgroup5
LaTeX Font Info:    Overwriting symbol font `stmry' in version `bold'
(Font)                  U/stmry/m/n --> U/stmry/b/n on input line 89.
)
(/usr/share/texlive/texmf-dist/tex/latex/marvosym/marvosym.sty
Package: marvosym 2011/07/20 v2.2 Martin Vogel's Symbols font definitions
)
(/usr/share/texlive/texmf-dist/tex/latex/amsfonts/amssymb.sty
Package: amssymb 2013/01/14 v3.01 AMS font symbols

(/usr/share/texlive/texmf-dist/tex/latex/amsfonts/amsfonts.sty
Package: amsfonts 2013/01/14 v3.01 Basic AMSFonts support
\symAMSa=\mathgroup6
\symAMSb=\mathgroup7
LaTeX Font Info:    Redeclaring math symbol \hbar on input line 98.
LaTeX Font Info:    Overwriting math alphabet `\mathfrak' in version `bold'
(Font)                  U/euf/m/n --> U/euf/b/n on input line 106.
)
LaTeX Font Info:    Redeclaring math symbol \boxdot on input line 44.
)
(/usr/share/texlive/texmf-dist/tex/latex/float/float.sty
Package: float 2001/11/08 v1.3d Float enhancements (AL)
\c@float@type=\count326
\float@exts=\toks37
\float@box=\box111
\@float@everytoks=\toks38
\@floatcapt=\box112
)
(/usr/share/texlive/texmf-dist/tex/latex/stackengine/stackengine.sty
Package: stackengine 2021/07/22 v4.11\ Stacking text and objects in convenient 
ways

(/usr/share/texlive/texmf-dist/tex/generic/listofitems/listofitems.sty
(/usr/share/texlive/texmf-dist/tex/generic/listofitems/listofitems.tex
\loi_cnt_foreach_nest=\count327
\loi_nestcnt=\count328
)
Package: listofitems 2019/08/21 v1.63 Grab items in lists using user-specified 
sep char (CT)
)
(/usr/share/texlive/texmf-dist/tex/latex/tools/calc.sty
Package: calc 2023/07/08 v4.3 Infix arithmetic (KKT,FJ)
\calc@Acount=\count329
\calc@Bcount=\count330
\calc@Adimen=\dimen294
\calc@Bdimen=\dimen295
\calc@Askip=\skip58
\calc@Bskip=\skip59
LaTeX Info: Redefining \setlength on input line 80.
LaTeX Info: Redefining \addtolength on input line 81.
\calc@Ccount=\count331
\calc@Cskip=\skip60
)
\c@@stackindex=\count332
\@boxshift=\skip61
\stack@tmplength=\skip62
\temp@stkl=\skip63
\@stackedboxwidth=\skip64
\@addedbox=\box113
\@anchorbox=\box114
\@insetbox=\box115
\se@backgroundbox=\box116
\stackedbox=\box117
\@centerbox=\box118
\c@ROWcellindex@=\count333
)
(/usr/share/texlive/texmf-dist/tex/latex/units/nicefrac.sty
Package: nicefrac 1998/08/04 v0.9b Nice fractions
\L@UnitsRaiseDisplaystyle=\skip65
\L@UnitsRaiseTextstyle=\skip66
\L@UnitsRaiseScriptstyle=\skip67

(/usr/share/texlive/texmf-dist/tex/latex/base/ifthen.sty
Package: ifthen 2022/04/13 v1.1d Standard LaTeX ifthen package (DPC)
))
(/usr/share/texlive/texmf-dist/tex/generic/ulem/ulem.sty
\UL@box=\box119
\UL@hyphenbox=\box120
\UL@skip=\skip68
\UL@hook=\toks39
\UL@height=\dimen296
\UL@pe=\count334
\UL@pixel=\dimen297
\ULC@box=\box121
Package: ulem 2019/11/18
\ULdepth=\dimen298
)
(/usr/share/texlive/texmf-dist/tex/latex/dashbox/dashbox.sty
Package: dashbox 2001/12/11 v1.14 Dashed and layered boxes
\dashlength=\skip69
\dashdash=\skip70
\layersize=\skip71
\d@shedsavebox=\box122
\d@shedboxwidth=\skip72
\d@shedboxtotalheight=\skip73
\l@yersavebox=\box123
\l@yerwidth=\skip74
\l@yerboxwidth=\skip75
\l@yertotalheight=\skip76
\l@yerlineheight=\skip77
\l@yervoffset=\skip78
\c@l@yercount=\count335
)
(/usr/share/texlive/texmf-dist/tex/latex/tools/enumerate.sty
Package: enumerate 2023/07/04 v3.00 enumerate extensions (DPC)
\@enLab=\toks40
)
(/usr/share/texlive/texmf-dist/tex/latex/colortbl/colortbl.sty
Package: colortbl 2022/06/20 v1.0f Color table columns (DPC)

(/usr/share/texlive/texmf-dist/tex/latex/tools/array.sty
Package: array 2023/10/16 v2.5g Tabular extension package (FMi)
\col@sep=\dimen299
\ar@mcellbox=\box124
\extrarowheight=\dimen300
\NC@list=\toks41
\extratabsurround=\skip79
\backup@length=\skip80
\ar@cellbox=\box125
)
\everycr=\toks42
\minrowclearance=\skip81
\rownum=\count336
)

LaTeX Warning: Package "xcolor" has already been loaded: ignoring load-time
(LaTeX)        option "xcdraw".

(/usr/share/texlive/texmf-dist/tex/latex/forest/forest.sty
Package: forest 2017/07/14 v2.1.5 Drawing (linguistic) trees

(/usr/share/texlive/texmf-dist/tex/generic/pgf/frontendlayer/tikz/libraries/tik
zlibraryshapes.code.tex
File: tikzlibraryshapes.code.tex 2023-01-15 v3.1.10 (3.1.10)

(/usr/share/texlive/texmf-dist/tex/generic/pgf/frontendlayer/tikz/libraries/tik
zlibraryshapes.geometric.code.tex
File: tikzlibraryshapes.geometric.code.tex 2023-01-15 v3.1.10 (3.1.10)

(/usr/share/texlive/texmf-dist/tex/generic/pgf/libraries/shapes/pgflibraryshape
s.geometric.code.tex
File: pgflibraryshapes.geometric.code.tex 2023-01-15 v3.1.10 (3.1.10)
))
(/usr/share/texlive/texmf-dist/tex/generic/pgf/frontendlayer/tikz/libraries/tik
zlibraryshapes.misc.code.tex
File: tikzlibraryshapes.misc.code.tex 2023-01-15 v3.1.10 (3.1.10)

(/usr/share/texlive/texmf-dist/tex/generic/pgf/libraries/shapes/pgflibraryshape
s.misc.code.tex
File: pgflibraryshapes.misc.code.tex 2023-01-15 v3.1.10 (3.1.10)
))
(/usr/share/texlive/texmf-dist/tex/generic/pgf/frontendlayer/tikz/libraries/tik
zlibraryshapes.symbols.code.tex
File: tikzlibraryshapes.symbols.code.tex 2023-01-15 v3.1.10 (3.1.10)

(/usr/share/texlive/texmf-dist/tex/generic/pgf/libraries/shapes/pgflibraryshape
s.symbols.code.tex
File: pgflibraryshapes.symbols.code.tex 2023-01-15 v3.1.10 (3.1.10)
))
(/usr/share/texlive/texmf-dist/tex/generic/pgf/frontendlayer/tikz/libraries/tik
zlibraryshapes.arrows.code.tex
File: tikzlibraryshapes.arrows.code.tex 2023-01-15 v3.1.10 (3.1.10)

(/usr/share/texlive/texmf-dist/tex/generic/pgf/libraries/shapes/pgflibraryshape
s.arrows.code.tex
File: pgflibraryshapes.arrows.code.tex 2023-01-15 v3.1.10 (3.1.10)
))
(/usr/share/texlive/texmf-dist/tex/generic/pgf/frontendlayer/tikz/libraries/tik
zlibraryshapes.callouts.code.tex
(/usr/share/texlive/texmf-dist/tex/generic/pgf/libraries/shapes/pgflibraryshape
s.callouts.code.tex))
(/usr/share/texlive/texmf-dist/tex/generic/pgf/frontendlayer/tikz/libraries/tik
zlibraryshapes.multipart.code.tex
File: tikzlibraryshapes.multipart.code.tex 2023-01-15 v3.1.10 (3.1.10)

(/usr/share/texlive/texmf-dist/tex/generic/pgf/libraries/shapes/pgflibraryshape
s.multipart.code.tex
File: pgflibraryshapes.multipart.code.tex 2023-01-15 v3.1.10 (3.1.10)
\pgfnodepartlowerbox=\box126
\pgfnodeparttwobox=\box127
\pgfnodepartthreebox=\box128
\pgfnodepartfourbox=\box129
\pgfnodeparttwentybox=\box130
\pgfnodepartnineteenbox=\box131
\pgfnodeparteighteenbox=\box132
\pgfnodepartseventeenbox=\box133
\pgfnodepartsixteenbox=\box134
\pgfnodepartfifteenbox=\box135
\pgfnodepartfourteenbox=\box136
\pgfnodepartthirteenbox=\box137
\pgfnodeparttwelvebox=\box138
\pgfnodepartelevenbox=\box139
\pgfnodeparttenbox=\box140
\pgfnodepartninebox=\box141
\pgfnodeparteightbox=\box142
\pgfnodepartsevenbox=\box143
\pgfnodepartsixbox=\box144
\pgfnodepartfivebox=\box145
)))
(/usr/share/texlive/texmf-dist/tex/generic/pgf/frontendlayer/tikz/libraries/tik
zlibraryfit.code.tex
File: tikzlibraryfit.code.tex 2023-01-15 v3.1.10 (3.1.10)
)
(/usr/share/texlive/texmf-dist/tex/generic/pgf/frontendlayer/tikz/libraries/tik
zlibrarycalc.code.tex
File: tikzlibrarycalc.code.tex 2023-01-15 v3.1.10 (3.1.10)
)
(/usr/share/texlive/texmf-dist/tex/generic/pgf/libraries/pgflibraryintersection
s.code.tex
(/usr/share/texlive/texmf-dist/tex/generic/pgf/libraries/pgflibraryfpu.code.tex
)
\pgf@intersect@solutions=\count337
) (/usr/share/texlive/texmf-dist/tex/latex/pgfopts/pgfopts.sty
Package: pgfopts 2014/07/10 v2.1a LaTeX package options with pgfkeys
\pgfopts@list@add@a@toks=\toks43
\pgfopts@list@add@b@toks=\toks44
)
(/usr/share/texlive/texmf-dist/tex/latex/elocalloc/elocalloc.sty
Package: elocalloc 2016/12/15 v0.03 local allocation for LaTeX 2015+ (DPC)
)
(/usr/share/texlive/texmf-dist/tex/latex/environ/environ.sty
Package: environ 2014/05/04 v0.3 A new way to define environments

(/usr/share/texlive/texmf-dist/tex/latex/trimspaces/trimspaces.sty
Package: trimspaces 2009/09/17 v1.1 Trim spaces around a token list
))
(/usr/share/texlive/texmf-dist/tex/latex/l3packages/xparse/xparse.sty
(/usr/share/texlive/texmf-dist/tex/latex/l3kernel/expl3.sty
Package: expl3 2024-01-22 L3 programming layer (loader) 

(/usr/share/texlive/texmf-dist/tex/latex/l3backend/l3backend-pdftex.def
File: l3backend-pdftex.def 2024-01-04 L3 backend support: PDF output (pdfTeX)
\l__color_backend_stack_int=\count338
\l__pdf_internal_box=\box146
))
Package: xparse 2023-10-10 L3 Experimental document command parser
)
(/usr/share/texlive/texmf-dist/tex/latex/inlinedef/inlinedef.sty
Package: inlinedef 2008/07/10 v1.0 Inlined expansions within definitions
\ID@toks=\toks45
\ID@count=\count339
)
\ID@usercommands=\toks46
\safeloop@depth=\count340
\safeRKloop@depth=\count341
\forest@temp@dimen=\dimen301
\forest@temp@count=\count342
\forest@n=\count343
\forest@temp@global@count=\count344
\forest@temp@toks=\toks47
\forest@temparray@M=\count345
\forest@temparray@N=\count346
\forest@global@temparray@M=\count347
\forest@global@temparray@N=\count348
\forest@isnum@count=\count349
\forest@isdim@nonintpart=\count350
\forest@isdim@dimen=\dimen302
\forest@sort@m=\count351
\forest@sort@k=\count352
\forest@sort@p=\count353
\bracket@content=\toks48
\bracket@afterthought=\toks49
\forest@node@maxid=\count354
\forest@process@left@M=\count355
\forest@process@left@N=\count356
\forest@process@right@M=\count357
\forest@process@right@N=\count358
\forest@process@saved@M=\count359
\forest@process@saved@N=\count360
\forest@process@result@M=\count361
\forest@process@result@N=\count362
\forest@process@n=\count363
\forest@nodewalk@branch@toks=\toks50
\forest@nodewalk@shortsteps@resolution=\toks51
\forest@do@dynamics=\toks52
\forest@box=\box147
\forest@xg=\dimen303
\forest@yg=\dimen304
\forest@xs=\dimen305
\forest@ys=\dimen306
\forest@pi@toks=\toks53
\forest@segment@toks=\toks54
\forest@PIi@toks=\toks55
\forest@PIii@toks=\toks56
\forest@copy@in=\read3
\forest@copy@out=\write4
\forest@externalize@max@outer@n=\count364
\forest@externalize@inner@n=\count365
)
(/usr/share/texlive/texmf-dist/tex/latex/forest/forest-lib-linguistics.sty
Package: forest-lib-linguistics 2017/07/14 v0.1.2
\standardnodestrutbox=\box148
)
(/usr/share/texlive/texmf-dist/tex/latex/gb4e/gb4e.sty
(/usr/share/texlive/texmf-dist/tex/latex/gb4e/cgloss4e.sty
\lineone=\box149
\linetwo=\box150
\linethree=\box151
\wordone=\box152
\wordtwo=\box153
\wordthree=\box154
\gline=\box155
\glossglue=\skip82
)
\c@fnx=\count366
\@xnumdepth=\count367
\c@xnumi=\count368
\c@xnumii=\count369
\c@xnumiii=\count370
\c@xnumiv=\count371
\c@exx=\count372
\c@rxnumi=\count373
\c@rxnumii=\count374
\c@rxnumiii=\count375
\c@rxnumiv=\count376
\lcommentsep=\skip83
)
(/usr/share/texlive/texmf-dist/tex/latex/wasysym/wasysym.sty
Package: wasysym 2020/01/19 v2.4 Wasy-2 symbol support package
\symwasy=\mathgroup8
LaTeX Font Info:    Overwriting symbol font `wasy' in version `bold'
(Font)                  U/wasy/m/n --> U/wasy/b/n on input line 93.
)
(/usr/share/texlive/texmf-dist/tex/latex/caption/caption.sty
Package: caption 2023/08/05 v3.6o Customizing captions (AR)

(/usr/share/texlive/texmf-dist/tex/latex/caption/caption3.sty
Package: caption3 2023/07/31 v2.4d caption3 kernel (AR)
\caption@tempdima=\dimen307
\captionmargin=\dimen308
\caption@leftmargin=\dimen309
\caption@rightmargin=\dimen310
\caption@width=\dimen311
\caption@indent=\dimen312
\caption@parindent=\dimen313
\caption@hangindent=\dimen314
Package caption Info: Standard document class detected.
)
\c@caption@flags=\count377
\c@continuedfloat=\count378
Package caption Info: float package is loaded.
Package caption Info: hyperref package is loaded.
Package caption Info: wrapfig package is loaded.
)
(/usr/share/texlive/texmf-dist/tex/latex/caption/subcaption.sty
Package: subcaption 2023/07/28 v1.6b Sub-captions (AR)
Package caption Info: New subtype `subfigure' on input line 238.
\c@subfigure=\count379
Package caption Info: New subtype `subtable' on input line 238.
\c@subtable=\count380
)
(/usr/share/texlive/texmf-dist/tex/latex/adjustbox/adjustbox.sty
Package: adjustbox 2022/10/17 v1.3a Adjusting TeX boxes (trim, clip, ...)

(/usr/share/texlive/texmf-dist/tex/latex/xkeyval/xkeyval.sty
Package: xkeyval 2022/06/16 v2.9 package option processing (HA)

(/usr/share/texlive/texmf-dist/tex/generic/xkeyval/xkeyval.tex
(/usr/share/texlive/texmf-dist/tex/generic/xkeyval/xkvutils.tex
\XKV@toks=\toks57
\XKV@tempa@toks=\toks58
)
\XKV@depth=\count381
File: xkeyval.tex 2014/12/03 v2.7a key=value parser (HA)
))
(/usr/share/texlive/texmf-dist/tex/latex/adjustbox/adjcalc.sty
Package: adjcalc 2012/05/16 v1.1 Provides advanced setlength with multiple back
-ends (calc, etex, pgfmath)
)
(/usr/share/texlive/texmf-dist/tex/latex/adjustbox/trimclip.sty
Package: trimclip 2020/08/19 v1.2 Trim and clip general TeX material

(/usr/share/texlive/texmf-dist/tex/latex/collectbox/collectbox.sty
Package: collectbox 2022/10/17 v0.4c Collect macro arguments as boxes
\collectedbox=\box156
)
\tc@llx=\dimen315
\tc@lly=\dimen316
\tc@urx=\dimen317
\tc@ury=\dimen318
Package trimclip Info: Using driver 'tc-pdftex.def'.

(/usr/share/texlive/texmf-dist/tex/latex/adjustbox/tc-pdftex.def
File: tc-pdftex.def 2019/01/04 v2.2 Clipping driver for pdftex
))
\adjbox@Width=\dimen319
\adjbox@Height=\dimen320
\adjbox@Depth=\dimen321
\adjbox@Totalheight=\dimen322
\adjbox@pwidth=\dimen323
\adjbox@pheight=\dimen324
\adjbox@pdepth=\dimen325
\adjbox@ptotalheight=\dimen326

(/usr/share/texlive/texmf-dist/tex/latex/ifoddpage/ifoddpage.sty
Package: ifoddpage 2022/10/18 v1.2 Conditionals for odd/even page detection
\c@checkoddpage=\count382
)
(/usr/share/texlive/texmf-dist/tex/latex/varwidth/varwidth.sty
Package: varwidth 2009/03/30 ver 0.92;  Variable-width minipages
\@vwid@box=\box157
\sift@deathcycles=\count383
\@vwid@loff=\dimen327
\@vwid@roff=\dimen328
))
(/usr/share/texlive/texmf-dist/tex/latex/psnfss/pifont.sty
Package: pifont 2020/03/25 PSNFSS-v9.3 Pi font support (SPQR) 
LaTeX Font Info:    Trying to load font information for U+pzd on input line 63.


(/usr/share/texlive/texmf-dist/tex/latex/psnfss/upzd.fd
File: upzd.fd 2001/06/04 font definitions for U/pzd.
)
LaTeX Font Info:    Trying to load font information for U+psy on input line 64.


(/usr/share/texlive/texmf-dist/tex/latex/psnfss/upsy.fd
File: upsy.fd 2001/06/04 font definitions for U/psy.
))
(/usr/share/texlive/texmf-dist/tex/generic/alphalph/alphalph.sty
Package: alphalph 2019/12/09 v2.6 Convert numbers to letters (HO)
)
(./dissertation.aux (./chap1.aux) (./chap2.aux

LaTeX Warning: Label `ex2:focus-alternatives' multiply defined.

) (./chap6.aux))
\openout1 = `dissertation.aux'.

LaTeX Font Info:    Checking defaults for OML/cmm/m/it on input line 123.
LaTeX Font Info:    ... okay on input line 123.
LaTeX Font Info:    Checking defaults for OMS/cmsy/m/n on input line 123.
LaTeX Font Info:    ... okay on input line 123.
LaTeX Font Info:    Checking defaults for OT1/cmr/m/n on input line 123.
LaTeX Font Info:    ... okay on input line 123.
LaTeX Font Info:    Checking defaults for T1/cmr/m/n on input line 123.
LaTeX Font Info:    ... okay on input line 123.
LaTeX Font Info:    Checking defaults for TS1/cmr/m/n on input line 123.
LaTeX Font Info:    ... okay on input line 123.
LaTeX Font Info:    Checking defaults for OMX/cmex/m/n on input line 123.
LaTeX Font Info:    ... okay on input line 123.
LaTeX Font Info:    Checking defaults for U/cmr/m/n on input line 123.
LaTeX Font Info:    ... okay on input line 123.
LaTeX Font Info:    Checking defaults for PD1/pdf/m/n on input line 123.
LaTeX Font Info:    ... okay on input line 123.
LaTeX Font Info:    Checking defaults for PU/pdf/m/n on input line 123.
LaTeX Font Info:    ... okay on input line 123.

*geometry* driver: auto-detecting
*geometry* detected driver: pdftex
*geometry* verbose mode - [ preamble ] result:
* driver: pdftex
* paper: <default>
* layout: <same size as paper>
* layoutoffset:(h,v)=(0.0pt,0.0pt)
* modes: 
* h-part:(L,W,R)=(72.26999pt, 469.75502pt, 72.26999pt)
* v-part:(T,H,B)=(72.26999pt, 650.43001pt, 72.26999pt)
* \paperwidth=614.295pt
* \paperheight=794.96999pt
* \textwidth=469.75502pt
* \textheight=650.43001pt
* \oddsidemargin=0.0pt
* \evensidemargin=0.0pt
* \topmargin=-37.0pt
* \headheight=12.0pt
* \headsep=25.0pt
* \topskip=12.0pt
* \footskip=30.0pt
* \marginparwidth=44.0pt
* \marginparsep=10.0pt
* \columnsep=10.0pt
* \skip\footins=10.8pt plus 4.0pt minus 2.0pt
* \hoffset=0.0pt
* \voffset=0.0pt
* \mag=1000
* \@twocolumnfalse
* \@twosidefalse
* \@mparswitchfalse
* \@reversemarginfalse
* (1in=72.27pt=25.4mm, 1cm=28.453pt)

(/usr/share/texlive/texmf-dist/tex/context/base/mkii/supp-pdf.mkii
[Loading MPS to PDF converter (version 2006.09.02).]
\scratchcounter=\count384
\scratchdimen=\dimen329
\scratchbox=\box158
\nofMPsegments=\count385
\nofMParguments=\count386
\everyMPshowfont=\toks59
\MPscratchCnt=\count387
\MPscratchDim=\dimen330
\MPnumerator=\count388
\makeMPintoPDFobject=\count389
\everyMPtoPDFconversion=\toks60
) (/usr/share/texlive/texmf-dist/tex/latex/epstopdf-pkg/epstopdf-base.sty
Package: epstopdf-base 2020-01-24 v2.11 Base part for package epstopdf
Package epstopdf-base Info: Redefining graphics rule for `.eps' on input line 4
85.

(/usr/share/texlive/texmf-dist/tex/latex/latexconfig/epstopdf-sys.cfg
File: epstopdf-sys.cfg 2010/07/13 v1.3 Configuration of (r)epstopdf for TeX Liv
e
))
Package hyperref Info: Link coloring OFF on input line 123.

(./dissertation.out) (./dissertation.out)
\@outlinefile=\write5
\openout5 = `dissertation.out'.

Package caption Info: Begin \AtBeginDocument code.
Package caption Info: End \AtBeginDocument code.
 (./dissertation.toc
LaTeX Font Info:    Trying to load font information for U+zavm on input line 2.


(/usr/share/texlive/texmf-dist/tex/latex/arev/uzavm.fd
File: uzavm.fd 2006/05/30 Fontinst v1.929 font definitions for U/zavm.
)
LaTeX Font Info:    Trying to load font information for U+stmry on input line 2
.

(/usr/share/texlive/texmf-dist/tex/latex/stmaryrd/Ustmry.fd)
LaTeX Font Info:    Trying to load font information for U+msa on input line 2.

(/usr/share/texlive/texmf-dist/tex/latex/amsfonts/umsa.fd
File: umsa.fd 2013/01/14 v3.01 AMS symbols A
)
LaTeX Font Info:    Trying to load font information for U+msb on input line 2.

(/usr/share/texlive/texmf-dist/tex/latex/amsfonts/umsb.fd
File: umsb.fd 2013/01/14 v3.01 AMS symbols B
)
LaTeX Font Info:    Trying to load font information for U+wasy on input line 2.


(/usr/share/texlive/texmf-dist/tex/latex/wasysym/uwasy.fd
File: uwasy.fd 2020/01/19 v2.4 Wasy-2 symbol font definitions
) [1


{/var/lib/texmf/fonts/map/pdftex/updmap/pdftex.map}{/usr/share/texmf/fonts/enc/
dvips/tex-gyre/q-ec.enc}{/usr/share/texmf/fonts/enc/dvips/tex-gyre/q-ec-sc.enc}
]

Package natbib Warning: Citation `Lewis1988' on page 2 undefined on input line 
57.


Overfull \hbox (10.35278pt too wide) in paragraph at lines 59--59
 [][] [][]\T1/qpl/m/n/12 ``Long-Distance'' Hur-ford Dis-junc-tions and their di
s-junct-wise negated 
 []

)
\tf@toc=\write6
\openout6 = `dissertation.toc'.

 [2]
Underfull \hbox (badness 1038) in paragraph at lines 129--130
\T1/qpl/m/n/12 con-di-tions of their well-formedness, draw-ing from fa-mil-iar 
con-cepts in prag-mat-ics,
 []


Underfull \hbox (badness 10000) in paragraph at lines 129--130

 []


Underfull \hbox (badness 10000) in paragraph at lines 131--132

 []


pdfTeX warning (ext4): destination with the same identifier (name{page.1}) has 
been already used, duplicate ignored
<to be read again> 
                   \relax 
l.134 \end{abstract}
                     [1]
\openout2 = `chap1.aux'.

 (./chap1.tex
Chapter 1.

Package natbib Warning: Citation `Heim2023' on page 1 undefined on input line 1
4.


pdfTeX warning (ext4): destination with the same identifier (name{page.1}) has 
been already used, duplicate ignored
<to be read again> 
                   \relax 
l.15 
      [1


]
LaTeX Font Info:    Trying to load font information for T1+cmtt on input line 2
0.
 (/usr/share/texlive/texmf-dist/tex/latex/base/t1cmtt.fd
File: t1cmtt.fd 2023/04/13 v2.5m Standard LaTeX font definitions
)

Package natbib Warning: Citation `Stalnaker1974' on page 2 undefined on input l
ine 37.


Package natbib Warning: Citation `Stalnaker1978' on page 2 undefined on input l
ine 37.


Package natbib Warning: Citation `Stalnaker1978' on page 2 undefined on input l
ine 37.


pdfTeX warning (ext4): destination with the same identifier (name{page.2}) has 
been already used, duplicate ignored
<to be read again> 
                   \relax 
l.38 
      [2{/usr/share/texmf/fonts/enc/dvips/cm-super/cm-super-t1.enc}] [3]
[4]

Package natbib Warning: Citation `Heim1982' on page 5 undefined on input line 1
20.


Package natbib Warning: Citation `Heim1983a' on page 5 undefined on input line 
120.


Package natbib Warning: Citation `Heim1983b' on page 5 undefined on input line 
120.

[5] [6]

LaTeX Warning: Reference `ex1:accommodating -quds' on page 7 undefined on input
 line 163.

[7]

Package natbib Warning: Citation `Hamblin1973' on page 8 undefined on input lin
e 183.


Package natbib Warning: Citation `Dayal1996' on page 8 undefined on input line 
183.

[8] [9]
LaTeX Font Info:    Trying to load font information for TS1+qpl on input line 2
33.
 (/usr/share/texmf/tex/latex/tex-gyre/ts1qpl.fd
File: ts1qpl.fd 2009/09/25 v1.2 font definition file for TS1/qpl
)

Package natbib Warning: Citation `Fox2018' on page 10 undefined on input line 2
40.

LaTeX Font Info:    Trying to load font information for U+euf on input line 240
.
(/usr/share/texlive/texmf-dist/tex/latex/amsfonts/ueuf.fd
File: ueuf.fd 2013/01/14 v3.01 Euler Fraktur
) [10{/usr/share/texmf/fonts/enc/dvips/tex-gyre/q-ts1.enc}] [11]
Underfull \hbox (badness 10000) in paragraph at lines 262--265
\T1/qpl/m/n/12 Alternatives ($\OML/cmm/m/it/12 P$\T1/qpl/m/n/12 ): $\OMS/cmsy/m
/n/12 f$$\U/stmry/m/n/12 J$\T1/qpl/m/n/12 Jo passed$\U/stmry/m/n/12 K$\T1/qpl/m
/n/12 , $\U/stmry/m/n/12 J$\T1/qpl/m/n/12 Al passed$\U/stmry/m/n/12 K$$\OMS/cms
y/m/n/12 g$ \T1/qpl/m/n/12 =
 []


Package natbib Warning: Citation `Jager1996' on page 12 undefined on input line
 333.


Package natbib Warning: Citation `Hulstijn1997' on page 12 undefined on input l
ine 333.


Package natbib Warning: Citation `Groenendijk1984' on page 12 undefined on inpu
t line 333.


Package natbib Warning: Citation `Groenendijk1999' on page 12 undefined on inpu
t line 333.

[12]

Package natbib Warning: Citation `Katzir2015' on page 13 undefined on input lin
e 397.

[13]

Package natbib Warning: Citation `VanKuppevelt1995a' on page 14 undefined on in
put line 409.


Package natbib Warning: Citation `VanKuppevelt1995b' on page 14 undefined on in
put line 409.


Package natbib Warning: Citation `Roberts1996' on page 14 undefined on input li
ne 409.


Package natbib Warning: Citation `Roberts2012' on page 14 undefined on input li
ne 409.


Package natbib Warning: Citation `Ginzburg1996' on page 14 undefined on input l
ine 409.


Package natbib Warning: Citation `Buring2003' on page 14 undefined on input lin
e 409.

[14]

Package natbib Warning: Citation `Lewis1988' on page 15 undefined on input line
 475.


Package natbib Warning: Citation `Lewis1988' on page 15 undefined on input line
 478.


Package natbib Warning: Citation `Lewis1988' on page 15 undefined on input line
 478.


Package natbib Warning: Citation `Lewis1988' on page 15 undefined on input line
 482.

[15]

Package natbib Warning: Citation `Roberts2012' on page 16 undefined on input li
ne 499.


Package natbib Warning: Citation `Roberts2012' on page 16 undefined on input li
ne 499.


Package natbib Warning: Citation `Roberts2012' on page 16 undefined on input li
ne 503.


Package natbib Warning: Citation `Roberts2012' on page 16 undefined on input li
ne 503.


Package natbib Warning: Citation `Roberts2012' on page 16 undefined on input li
ne 503.


Package natbib Warning: Citation `Lewis1988' on page 16 undefined on input line
 517.


Package natbib Warning: Citation `Roberts2012' on page 16 undefined on input li
ne 517.


Package natbib Warning: Citation `Lewis1988' on page 16 undefined on input line
 517.


Package natbib Warning: Citation `Roberts2012' on page 16 undefined on input li
ne 517.


Package natbib Warning: Citation `Lewis1988' on page 16 undefined on input line
 526.


Package natbib Warning: Citation `Roberts2012' on page 16 undefined on input li
ne 526.


Package natbib Warning: Citation `Lewis1988' on page 16 undefined on input line
 526.


Package natbib Warning: Citation `Roberts2012' on page 16 undefined on input li
ne 526.


Package natbib Warning: Citation `Lewis1988' on page 16 undefined on input line
 535.


Package natbib Warning: Citation `Roberts2012' on page 16 undefined on input li
ne 535.


Package natbib Warning: Citation `Lewis1988' on page 16 undefined on input line
 535.


Package natbib Warning: Citation `Roberts2012' on page 16 undefined on input li
ne 535.


Package natbib Warning: Citation `Lewis1988' on page 16 undefined on input line
 547.


Package natbib Warning: Citation `Roberts2012' on page 16 undefined on input li
ne 547.


Package natbib Warning: Citation `Lewis1988' on page 16 undefined on input line
 547.


Package natbib Warning: Citation `Roberts2012' on page 16 undefined on input li
ne 547.


Package natbib Warning: Citation `Lewis1988' on page 16 undefined on input line
 557.


Package natbib Warning: Citation `Roberts2012' on page 16 undefined on input li
ne 557.


Package natbib Warning: Citation `Lewis1988' on page 16 undefined on input line
 557.


Package natbib Warning: Citation `Roberts2012' on page 16 undefined on input li
ne 557.


Package natbib Warning: Citation `Lewis1988' on page 16 undefined on input line
 567.


Package natbib Warning: Citation `Roberts2012' on page 16 undefined on input li
ne 567.


Package natbib Warning: Citation `Lewis1988' on page 16 undefined on input line
 567.


Package natbib Warning: Citation `Roberts2012' on page 16 undefined on input li
ne 567.

[16]

Package natbib Warning: Citation `Lewis1988' on page 17 undefined on input line
 571.


Package natbib Warning: Citation `Roberts2012' on page 17 undefined on input li
ne 571.


Package natbib Warning: Citation `Lewis1988' on page 17 undefined on input line
 571.


Package natbib Warning: Citation `Roberts2012' on page 17 undefined on input li
ne 571.


LaTeX Warning: Reference `chap:relevance' on page 17 undefined on input line 57
1.

[17]

Package natbib Warning: Citation `Katzir2015' on page 18 undefined on input lin
e 629.


Underfull \hbox (badness 10000) in paragraph at lines 631--632

 []


LaTeX Warning: Reference `chap:redundancy' on page 18 undefined on input line 6
33.


Underfull \hbox (badness 1442) in paragraph at lines 633--634
\T1/qpl/m/n/12 struc-turally and log-i-cally sim-i-lar sen-tences in-volv-ing d
is-junc-tions and con-di-tion-als,
 []


Underfull \hbox (badness 10000) in paragraph at lines 633--634

 []


LaTeX Warning: Reference `chap:hurford-disj' on page 18 undefined on input line
 635.


LaTeX Warning: Reference `chap:redundancy' on page 18 undefined on input line 6
35.


Package natbib Warning: Citation `Hurford1974' on page 18 undefined on input li
ne 635.


Underfull \hbox (badness 10000) in paragraph at lines 635--636

 []

[18]

Package natbib Warning: Citation `Mandelkern2018' on page 19 undefined on input
 line 637.


Package natbib Warning: Citation `Lewis1988' on page 19 undefined on input line
 637.


Package natbib Warning: Citation `Roberts2012' on page 19 undefined on input li
ne 637.


Underfull \hbox (badness 10000) in paragraph at lines 637--638

 []


LaTeX Warning: Reference `chap:scalarity' on page 19 undefined on input line 63
9.

[19]

Package natbib Warning: Citation `Karttunen1977' on page 20 undefined on input 
line 679.

[20]

LaTeX Warning: Reference `ex1:partition-from-propositions' on page 21 undefined
 on input line 709.

) [21]
\openout2 = `chap2.aux'.

 (./chap2.tex
Chapter 2.

Package natbib Warning: Citation `Stalnaker1978' on page 22 undefined on input 
line 9.


Package natbib Warning: Citation `Heim1982' on page 22 undefined on input line 
9.


Package natbib Warning: Citation `Lewis1988' on page 22 undefined on input line
 9.


Package natbib Warning: Citation `Roberts2012' on page 22 undefined on input li
ne 9.

[22




]

Package natbib Warning: Citation `Roberts1996' on page 23 undefined on input li
ne 25.


LaTeX Warning: Reference `chap:redundancy' on page 23 undefined on input line 2
8.


LaTeX Warning: Reference `chap:redundancy' on page 23 undefined on input line 3
8.

[23]

Package natbib Warning: Citation `Haslinger2023' on page 24 undefined on input 
line 41.


Package natbib Warning: Citation `Katzir2015' on page 24 undefined on input lin
e 41.


Package natbib Warning: Citation `Rooth1992' on page 24 undefined on input line
 41.


Package natbib Warning: Citation `Buring2003' on page 24 undefined on input lin
e 49.


Package natbib Warning: Citation `Ippolito2019' on page 24 undefined on input l
ine 49.


Package natbib Warning: Citation `Zhang2022' on page 24 undefined on input line
 49.

[24] [25]
Overfull \hbox (8.15503pt too wide) in paragraph at lines 162--163
 [][] 
 []

[26]

Package natbib Warning: Citation `Buring2003' on page 27 undefined on input lin
e 190.


Package natbib Warning: Citation `Riester2019' on page 27 undefined on input li
ne 190.


Package natbib Warning: Citation `Onea2016' on page 27 undefined on input line 
190.


Package natbib Warning: Citation `Ippolito2019' on page 27 undefined on input l
ine 190.


Package natbib Warning: Citation `Zhang2022' on page 27 undefined on input line
 190.

[27]

LaTeX Warning: Reference `chap:scalarity' on page 28 undefined on input line 19
5.


LaTeX Warning: Reference `chap:exh-incr' on page 28 undefined on input line 195
.

[28] [29]
Overfull \hbox (31.64421pt too wide) in paragraph at lines 290--291
 [][] 
 []

[30] [31] [32]

Package natbib Warning: Citation `Roberts1996' on page 33 undefined on input li
ne 358.

[33] [34]
Overfull \hbox (0.8436pt too wide) in paragraph at lines 416--417
 [][] 
 []

[35]
Overfull \hbox (31.64421pt too wide) in paragraph at lines 468--469
 [][] 
 []

[36] [37] [38]
Overfull \hbox (38.4442pt too wide) in paragraph at lines 546--547
 [][] 
 []

[39]

Package natbib Warning: Citation `Rooth1992' on page 40 undefined on input line
 580.


Package natbib Warning: Citation `Katzir2007' on page 40 undefined on input lin
e 580.


Package natbib Warning: Citation `Fox2011' on page 40 undefined on input line 5
80.

[40]

Package natbib Warning: Citation `Rooth1992' on page 41 undefined on input line
 610.


Package natbib Warning: Citation `Katzir2007' on page 41 undefined on input lin
e 610.

[41] [42] [43]

Package natbib Warning: Citation `Ippolito2019' on page 44 undefined on input l
ine 731.


Package natbib Warning: Citation `Ippolito2019' on page 44 undefined on input l
ine 731.


LaTeX Warning: Reference `chap:scalarity' on page 44 undefined on input line 73
1.

[44]

Package natbib Warning: Citation `Ippolito2019' on page 45 undefined on input l
ine 816.

[45]

Package natbib Warning: Citation `Rooth1992' on page 46 undefined on input line
 826.


Package natbib Warning: Citation `Rooth1992' on page 46 undefined on input line
 826.

[46]

LaTeX Warning: Reference `chap:scalarity' on page 47 undefined on input line 87
1.

[47]

LaTeX Warning: Reference `chap:scalarity' on page 48 undefined on input line 88
0.


Overfull \vbox (0.74934pt too high) has occurred while \output is active []


[48]
Overfull \hbox (2.41142pt too wide) in paragraph at lines 947--948
 [][] 
 []


Overfull \hbox (2.2142pt too wide) in paragraph at lines 955--956
 [][] 
 []

[49] [50] [51]

LaTeX Warning: Reference `chap:hurford-cond' on page 52 undefined on input line
 1036.

[52]

LaTeX Warning: Reference `chap:scalarity' on page 53 undefined on input line 10
53.

[53] [54]
Overfull \hbox (19.76431pt too wide) in paragraph at lines 1127--1128
 [][] 
 []


Overfull \hbox (13.78706pt too wide) in paragraph at lines 1135--1136
 [][] 
 []


Package natbib Warning: Citation `Simons2001' on page 55 undefined on input lin
e 1151.


Package natbib Warning: Citation `Zhang2022' on page 55 undefined on input line
 1151.

[55] [56] [57] [58] [59]
Overfull \hbox (2.41142pt too wide) in paragraph at lines 1321--1322
 [][] 
 []


Overfull \hbox (2.2142pt too wide) in paragraph at lines 1329--1330
 [][] 
 []


Overfull \hbox (2.42421pt too wide) in paragraph at lines 1350--1351
 [][] 
 []


Overfull \hbox (2.22699pt too wide) in paragraph at lines 1358--1359
 [][] 
 []

[60] [61]

LaTeX Warning: Reference `chap:hurford-cond' on page 62 undefined on input line
 1392.

[62] [63]

LaTeX Warning: Reference `ex2:n-t-inter' on page 64 undefined on input line 147
5.

[64] [65]

Package natbib Warning: Citation `Wason1968' on page 66 undefined on input line
 1546.


Package natbib Warning: Citation `Aloni2022' on page 66 undefined on input line
 1546.

[66] [67] [68]
Overfull \hbox (2.41142pt too wide) in paragraph at lines 1640--1641
 [][] 
 []


Overfull \hbox (2.2142pt too wide) in paragraph at lines 1648--1649
 [][] 
 []


Package natbib Warning: Citation `Ippolito2019' on page 69 undefined on input l
ine 1706.


Package natbib Warning: Citation `Zhang2022' on page 69 undefined on input line
 1706.


Package natbib Warning: Citation `Mascarenhas2008' on page 69 undefined on inpu
t line 1717.


Package natbib Warning: Citation `Mascarenhas2008' on page 69 undefined on inpu
t line 1717.


Package natbib Warning: Citation `Ciardelli2009' on page 69 undefined on input 
line 1717.


Package natbib Warning: Citation `Ciardelli2009' on page 69 undefined on input 
line 1717.


Package natbib Warning: Citation `Groenendijk2009' on page 69 undefined on inpu
t line 1717.


Package natbib Warning: Citation `Groenendijk2009' on page 69 undefined on inpu
t line 1717.


Package natbib Warning: Citation `Ciardelli2017' on page 69 undefined on input 
line 1717.


Package natbib Warning: Citation `Ciardelli2017' on page 69 undefined on input 
line 1717.


Package natbib Warning: Citation `Ciardelli2018' on page 69 undefined on input 
line 1717.


Package natbib Warning: Citation `Ciardelli2018' on page 69 undefined on input 
line 1717.


Package natbib Warning: Citation `Zhang2024' on page 69 undefined on input line
 1717.

[69]

Package natbib Warning: Citation `Ippolito2019' on page 70 undefined on input l
ine 1722.


LaTeX Warning: Reference `chap:economy' on page 70 undefined on input line 1722
.


Underfull \hbox (badness 10000) in paragraph at lines 1722--1723

 []


Package natbib Warning: Citation `Ippolito2019' on page 70 undefined on input l
ine 1732.


Package natbib Warning: Citation `Ippolito2019' on page 70 undefined on input l
ine 1732.


Underfull \hbox (badness 10000) in paragraph at lines 1732--1733

 []


Package natbib Warning: Citation `Ippolito2019' on page 70 undefined on input l
ine 1735.

[70]
Underfull \hbox (badness 10000) in paragraph at lines 1755--1756

 []


Package natbib Warning: Citation `Ippolito2019' on page 71 undefined on input l
ine 1758.


Package natbib Warning: Citation `Ippolito2019' on page 71 undefined on input l
ine 1758.


Package natbib Warning: Citation `Ippolito2019' on page 71 undefined on input l
ine 1761.

[71]

Package natbib Warning: Citation `Rooth1992' on page 72 undefined on input line
 1771.


Package natbib Warning: Citation `Rooth1992' on page 72 undefined on input line
 1774.


Overfull \hbox (31.64421pt too wide) in paragraph at lines 1785--1786
 [][] 
 []


Package natbib Warning: Citation `Ippolito2019' on page 72 undefined on input l
ine 1800.


Underfull \hbox (badness 10000) in paragraph at lines 1800--1801

 []

[72]

Package natbib Warning: Citation `Ippolito2019' on page 73 undefined on input l
ine 1803.


Package natbib Warning: Citation `Ippolito2019' on page 73 undefined on input l
ine 1807.


Package natbib Warning: Citation `Ippolito2019' on page 73 undefined on input l
ine 1817.


Package natbib Warning: Citation `Gazdar1979' on page 73 undefined on input lin
e 1817.


Package natbib Warning: Citation `Singh2008a' on page 73 undefined on input lin
e 1817.


Package natbib Warning: Citation `Singh2008b' on page 73 undefined on input lin
e 1817.


Package natbib Warning: Citation `Chierchia2009' on page 73 undefined on input 
line 1817.


Package natbib Warning: Citation `Fox2018' on page 73 undefined on input line 1
817.

[73]

LaTeX Warning: Reference `chap:redundancy' on page 74 undefined on input line 1
832.


LaTeX Warning: Reference `chap:hurford-disj' on page 74 undefined on input line
 1832.


LaTeX Warning: Reference `chap:scalarity' on page 74 undefined on input line 18
32.


LaTeX Warning: Reference `chap:economy' on page 74 undefined on input line 1832
.


Underfull \hbox (badness 10000) in paragraph at lines 1841--1842

 []


Package natbib Warning: Citation `Heim1983a' on page 74 undefined on input line
 1843.


Package natbib Warning: Citation `Heim1983b' on page 74 undefined on input line
 1843.


LaTeX Warning: Reference `chap:redundancy' on page 74 undefined on input line 1
843.

) [74]
\openout2 = `chap6.aux'.

 (./chap6.tex
Chapter 3.

Package natbib Warning: Citation `HenotMortier2024a' on page 75 undefined on in
put line 2.


Package natbib Warning: Citation `Lewis1988' on page 75 undefined on input line
 2.


LaTeX Warning: Reference `chap:hurford-disj' on page 75 undefined on input line
 4.


Package natbib Warning: Citation `Mandelkern2018' on page 75 undefined on input
 line 4.


Package natbib Warning: Citation `Kalomoiros2024' on page 75 undefined on input
 line 4.


Package natbib Warning: Citation `Lewis1988' on page 75 undefined on input line
 4.


Package natbib Warning: Citation `Roberts2012' on page 75 undefined on input li
ne 4.


LaTeX Warning: Reference `chap:hurford-disj' on page 75 undefined on input line
 11.


Package natbib Warning: Citation `Hurford1974' on page 75 undefined on input li
ne 11.


Package natbib Warning: Citation `Gazdar1979' on page 75 undefined on input lin
e 11.


Package natbib Warning: Citation `Gazdar1979' on page 75 undefined on input lin
e 11.


Package natbib Warning: Citation `Singh2008b' on page 75 undefined on input lin
e 11.


Package natbib Warning: Citation `Singh2008b' on page 75 undefined on input lin
e 11.


Package natbib Warning: Citation `Fox2018' on page 75 undefined on input line 1
1.


Package natbib Warning: Citation `Fox2018' on page 75 undefined on input line 1
1.


Package natbib Warning: Citation `HenotMortier2023' on page 75 undefined on inp
ut line 11.


Package natbib Warning: Citation `HenotMortier2023' on page 75 undefined on inp
ut line 11.


LaTeX Warning: Reference `chap:economy' on page 75 undefined on input line 11.

[75




]

Package natbib Warning: Citation `Mandelkern2018' on page 76 undefined on input
 line 21.


LaTeX Warning: Reference `chap:redundancy' on page 76 undefined on input line 2
1.

[76]
Underfull \hbox (badness 10000) in paragraph at lines 54--55

 []


Package natbib Warning: Citation `Kalomoiros2024' on page 77 undefined on input
 line 57.


Package natbib Warning: Citation `Lewis1988' on page 77 undefined on input line
 59.


Package natbib Warning: Citation `Roberts2012' on page 77 undefined on input li
ne 59.

[77]
Underfull \hbox (badness 10000) in paragraph at lines 113--114

 []


Package natbib Warning: Citation `Kalomoiros2024' on page 78 undefined on input
 line 117.


Package natbib Warning: Citation `Mandelkern2018' on page 78 undefined on input
 line 122.


Package natbib Warning: Citation `Kalomoiros2024' on page 78 undefined on input
 line 122.


Package natbib Warning: Citation `Kalomoiros2024' on page 78 undefined on input
 line 122.

[78]

Package natbib Warning: Citation `Kalomoiros2024' on page 79 undefined on input
 line 129.


LaTeX Warning: Reference `ex4:sr' on page 79 undefined on input line 129.


LaTeX Warning: Reference `chap:redundancy' on page 79 undefined on input line 1
29.


LaTeX Warning: Reference `ex4:sr' on page 79 undefined on input line 132.


Package natbib Warning: Citation `Kalomoiros2024' on page 79 undefined on input
 line 132.


Underfull \hbox (badness 1117) in paragraph at lines 135--136
\T1/qpl/m/n/12 whose key prop-erty is that it com-mutes with nega-tion ($\OML/c
mm/m/it/12 Str\OT1/cmr/m/n/12 (\OMS/cmsy/m/n/12 :\OML/cmm/m/it/12 ; D\OT1/cmr/
m/n/12 ) =
 []


Underfull \hbox (badness 5446) in paragraph at lines 135--136
\OMS/cmsy/m/n/12 :\OT1/cmr/m/n/12 (\OML/cmm/m/it/12 Str\OT1/cmr/m/n/12 (\OML/cm
m/m/it/12 ; D\OT1/cmr/m/n/12 ))$\T1/qpl/m/n/12 ), as well as with bi-nary op-e
r-a-tors ($\OML/cmm/m/it/12 Str\OT1/cmr/m/n/12 (\OML/cmm/m/it/12 O\OT1/cmr/m/n/
12 (\OML/cmm/m/it/12 ; ^^L\OT1/cmr/m/n/12 )\OML/cmm/m/it/12 ; D\OT1/cmr/m/n/12
 ) =
 []


LaTeX Warning: Reference `chap:hurford-disj' on page 79 undefined on input line
 143.


Package natbib Warning: Citation `Kalomoiros2024' on page 79 undefined on input
 line 143.


LaTeX Warning: Reference `ex5:hd-sr' on page 79 undefined on input line 143.


LaTeX Warning: Reference `ex5:hd-sr' on page 79 undefined on input line 146.


LaTeX Warning: Reference `ex5:hd-sw' on page 79 undefined on input line 147.


LaTeX Warning: Reference `ex5:hd-ws' on page 79 undefined on input line 147.


LaTeX Warning: Reference `ex5:hd-sw' on page 79 undefined on input line 149.


LaTeX Warning: Reference `ex5:hd-ws' on page 79 undefined on input line 149.


LaTeX Warning: Reference `ex5:hd-sw' on page 79 undefined on input line 150.


LaTeX Warning: Reference `ex5:hd-ws' on page 79 undefined on input line 150.


LaTeX Warning: Reference `ex5:hd-sw' on page 79 undefined on input line 151.


LaTeX Warning: Reference `ex5:hd-ws' on page 79 undefined on input line 151.


LaTeX Warning: Reference `ex5:hd-sw' on page 79 undefined on input line 152.


LaTeX Warning: Reference `ex5:hd-ws' on page 79 undefined on input line 152.


LaTeX Warning: Reference `ex5:hd-sw' on page 79 undefined on input line 153.


LaTeX Warning: Reference `ex5:hd-ws' on page 79 undefined on input line 153.


LaTeX Warning: Reference `ex5:hd-sw' on page 79 undefined on input line 154.


LaTeX Warning: Reference `ex5:hd-ws' on page 79 undefined on input line 154.


LaTeX Warning: Reference `ex5:hd-sw' on page 79 undefined on input line 154.


LaTeX Warning: Reference `ex5:hd-ws' on page 79 undefined on input line 154.


LaTeX Warning: Reference `ex4:sr' on page 79 undefined on input line 158.


Package natbib Warning: Citation `Kalomoiros2024' on page 79 undefined on input
 line 158.

[79]
Underfull \hbox (badness 10000) in paragraph at lines 172--190

 []


Package natbib Warning: Citation `Meyer2013' on page 80 undefined on input line
 195.


Package natbib Warning: Citation `Meyer2013' on page 80 undefined on input line
 195.


Package natbib Warning: Citation `Katzir2014' on page 80 undefined on input lin
e 195.


Package natbib Warning: Citation `Katzir2014' on page 80 undefined on input lin
e 195.


Package natbib Warning: Citation `Mayr2016' on page 80 undefined on input line 
195.


Package natbib Warning: Citation `Mayr2016' on page 80 undefined on input line 
195.


Package natbib Warning: Citation `Grice1975' on page 80 undefined on input line
 195.

[80]

Package natbib Warning: Citation `Kalomoiros2024' on page 81 undefined on input
 line 204.


Package natbib Warning: Citation `Kalomoiros2024' on page 81 undefined on input
 line 204.


Underfull \hbox (badness 10000) in paragraph at lines 216--217

 []


LaTeX Warning: Reference `ex4:sr' on page 81 undefined on input line 218.

[81]
Underfull \hbox (badness 10000) in paragraph at lines 242--243

 []

[82]

Package natbib Warning: Citation `Fox2007' on page 83 undefined on input line 2
64.


Package natbib Warning: Citation `Chierchia2009' on page 83 undefined on input 
line 264.


Package natbib Warning: Citation `Hurford1974' on page 83 undefined on input li
ne 264.


Underfull \hbox (badness 10000) in paragraph at lines 264--277

 []


Package natbib Warning: Citation `Evans1977' on page 83 undefined on input line
 289.

[83]

Package natbib Warning: Citation `Nicolae2025' on page 84 undefined on input li
ne 299.


Package natbib Warning: Citation `Nicolae2025' on page 84 undefined on input li
ne 299.


Underfull \hbox (badness 10000) in paragraph at lines 299--300

 []


Package natbib Warning: Citation `Haslinger2023' on page 84 undefined on input 
line 302.


Package natbib Warning: Citation `Kalomoiros2024' on page 84 undefined on input
 line 302.


LaTeX Warning: Reference `sec:(ldh)c' on page 84 undefined on input line 302.


LaTeX Warning: Reference `chap:redundancy' on page 84 undefined on input line 3
02.


Underfull \hbox (badness 10000) in paragraph at lines 302--303

 []

[84]

LaTeX Warning: Reference `chap:hurford-disj' on page 85 undefined on input line
 327.


LaTeX Warning: Reference `chap:hurford-disj' on page 85 undefined on input line
 327.


Overfull \hbox (31.03023pt too wide) in paragraph at lines 353--353
 [][] 
 []

[85]

LaTeX Warning: Reference `fig5:qtree-noto-tiered' on page 86 undefined on input
 line 391.


LaTeX Warning: Reference `fig5:qtree-italy-wh' on page 86 undefined on input li
ne 391.


LaTeX Warning: Reference `fig5:qtree-noto-tiered' on page 86 undefined on input
 line 391.


LaTeX Warning: Reference `fig5:qtree-italy-wh' on page 86 undefined on input li
ne 391.


Underfull \hbox (badness 10000) in paragraph at lines 391--392

 []

[86]
Overfull \hbox (36.6302pt too wide) in paragraph at lines 419--419
 [][] 
 []


Underfull \hbox (badness 10000) in paragraph at lines 424--425

 []


LaTeX Warning: Reference `chap:redundancy' on page 87 undefined on input line 4
34.


Underfull \hbox (badness 10000) in paragraph at lines 434--435

 []

[87]

LaTeX Warning: Reference `ex2:n-t-inter' on page 88 undefined on input line 453
.

[88]
Overfull \hbox (15.13159pt too wide) in paragraph at lines 494--510
 [][] 
 []

[89] [90] [91]
Underfull \hbox (badness 10000) in paragraph at lines 633--634

 []


Underfull \hbox (badness 1365) in paragraph at lines 639--640
[]\T1/qpl/m/n/12 By con-trast, none of the Qtrees evoked by ([]125a[]) fea-ture
 a prop-erly re-stricted
 []


Underfull \hbox (badness 10000) in paragraph at lines 639--640

 []

[92]

LaTeX Warning: Reference `chap:hurford-disj' on page 93 undefined on input line
 646.


Underfull \hbox (badness 10000) in paragraph at lines 652--653

 []


LaTeX Warning: Reference `ex5:q-non-redundancy' on page 93 undefined on input l
ine 655.


LaTeX Warning: Reference `ex5:q-equivalence' on page 93 undefined on input line
 655.


LaTeX Warning: Reference `ex5:q-non-redundancy' on page 93 undefined on input l
ine 657.


LaTeX Warning: Reference `ex5:q-equivalence' on page 93 undefined on input line
 658.


LaTeX Warning: Reference `ex5:q-non-redundancy' on page 93 undefined on input l
ine 662.

[93]
Underfull \hbox (badness 10000) in paragraph at lines 686--687

 []

[94]
Underfull \hbox (badness 1264) in paragraph at lines 697--698
[]\T1/qpl/m/n/12 We have just gone through all the pos-si-ble sim-pli-fi-ca-tio
ns of the fe-lic-i-tous HC
 []


Package natbib Warning: Citation `Lewis1988' on page 95 undefined on input line
 706.


Package natbib Warning: Citation `Lewis1988' on page 95 undefined on input line
 706.

[95]

Package natbib Warning: Citation `Lewis1988' on page 96 undefined on input line
 709.


Package natbib Warning: Citation `Lewis1988' on page 96 undefined on input line
 709.


Package natbib Warning: Citation `Lewis1988' on page 96 undefined on input line
 712.


Package natbib Warning: Citation `Lewis1988' on page 96 undefined on input line
 712.


Package natbib Warning: Citation `Lewis1988' on page 96 undefined on input line
 715.


Package natbib Warning: Citation `Lewis1988' on page 96 undefined on input line
 715.


Package natbib Warning: Citation `Roberts2012' on page 96 undefined on input li
ne 718.


Package natbib Warning: Citation `Roberts2012' on page 96 undefined on input li
ne 721.


Package natbib Warning: Citation `Roberts2012' on page 96 undefined on input li
ne 721.


Package natbib Warning: Citation `Roberts2012' on page 96 undefined on input li
ne 721.


Package natbib Warning: Citation `Lewis1988' on page 96 undefined on input line
 735.


Package natbib Warning: Citation `Roberts2012' on page 96 undefined on input li
ne 735.


Package natbib Warning: Citation `Lewis1988' on page 96 undefined on input line
 735.


Package natbib Warning: Citation `Roberts2012' on page 96 undefined on input li
ne 735.


Package natbib Warning: Citation `Lewis1988' on page 96 undefined on input line
 735.


Package natbib Warning: Citation `Roberts2012' on page 96 undefined on input li
ne 735.

[96]

Package natbib Warning: Citation `Lewis1988' on page 97 undefined on input line
 746.


Package natbib Warning: Citation `Roberts2012' on page 97 undefined on input li
ne 746.


Package natbib Warning: Citation `Lewis1988' on page 97 undefined on input line
 746.


Package natbib Warning: Citation `Roberts2012' on page 97 undefined on input li
ne 746.


Package natbib Warning: Citation `Lewis1988' on page 97 undefined on input line
 756.


Package natbib Warning: Citation `Roberts2012' on page 97 undefined on input li
ne 756.


Package natbib Warning: Citation `Lewis1988' on page 97 undefined on input line
 756.


Package natbib Warning: Citation `Roberts2012' on page 97 undefined on input li
ne 756.


Package natbib Warning: Citation `Lewis1988' on page 97 undefined on input line
 761.


Package natbib Warning: Citation `Roberts2012' on page 97 undefined on input li
ne 761.


Package natbib Warning: Citation `Lewis1988' on page 97 undefined on input line
 761.


Package natbib Warning: Citation `Roberts2012' on page 97 undefined on input li
ne 761.


Package natbib Warning: Citation `Lewis1988' on page 97 undefined on input line
 772.


Package natbib Warning: Citation `Roberts2012' on page 97 undefined on input li
ne 772.


Package natbib Warning: Citation `Lewis1988' on page 97 undefined on input line
 772.


Package natbib Warning: Citation `Roberts2012' on page 97 undefined on input li
ne 772.


Package natbib Warning: Citation `Lewis1988' on page 97 undefined on input line
 782.


Package natbib Warning: Citation `Roberts2012' on page 97 undefined on input li
ne 782.


Package natbib Warning: Citation `Lewis1988' on page 97 undefined on input line
 782.


Package natbib Warning: Citation `Roberts2012' on page 97 undefined on input li
ne 782.

[97]

Package natbib Warning: Citation `Lewis1988' on page 98 undefined on input line
 795.


Underfull \hbox (badness 10000) in paragraph at lines 795--796

 []


LaTeX Warning: Reference `chap:redundancy' on page 98 undefined on input line 7
97.

[98]

LaTeX Warning: Reference `chap:hurford-disj' on page 99 undefined on input line
 811.


LaTeX Warning: Reference `chap:hurford-disj' on page 99 undefined on input line
 811.


LaTeX Warning: Reference `chap:redundancy' on page 99 undefined on input line 8
11.


LaTeX Warning: Reference `ex4:pv(nptq)' on page 99 undefined on input line 811.



LaTeX Warning: Reference `ex4:pv(nptq)' on page 99 undefined on input line 811.



LaTeX Warning: Reference `ex4:pv(nptq)' on page 99 undefined on input line 814.



LaTeX Warning: Reference `fig4:qtree-p-polar' on page 99 undefined on input lin
e 829.


LaTeX Warning: Reference `fig4:qtree-nptq-polar-polar' on page 99 undefined on 
input line 829.


LaTeX Warning: Reference `fig4:qtree-p-polar' on page 99 undefined on input lin
e 829.


LaTeX Warning: Reference `fig4:qtree-nptq-polar-polar' on page 99 undefined on 
input line 829.


LaTeX Warning: Reference `fig4:qtree-p-polar' on page 99 undefined on input lin
e 840.


LaTeX Warning: Reference `fig4:qtree-nptq-polar-wh' on page 99 undefined on inp
ut line 840.


LaTeX Warning: Reference `fig4:qtree-p-polar' on page 99 undefined on input lin
e 840.


LaTeX Warning: Reference `fig4:qtree-nptq-polar-wh' on page 99 undefined on inp
ut line 840.


LaTeX Warning: Reference `ex4:pv(nptq)-repeated' on page 99 undefined on input 
line 842.


LaTeX Warning: Reference `ex4:pv(nptq)-repeated' on page 99 undefined on input 
line 842.

[99]

LaTeX Warning: Reference `ex4:pv(nptq)' on page 100 undefined on input line 845
.


Underfull \hbox (badness 10000) in paragraph at lines 845--846

 []


Package natbib Warning: Citation `Lewis1988' on page 100 undefined on input lin
e 847.


Package natbib Warning: Citation `Roberts2012' on page 100 undefined on input l
ine 847.


Package natbib Warning: Citation `Lewis1988' on page 100 undefined on input lin
e 847.


Package natbib Warning: Citation `Lewis1988' on page 100 undefined on input lin
e 847.


Package natbib Warning: Citation `Roberts2012' on page 100 undefined on input l
ine 847.


Package natbib Warning: Citation `Lewis1988' on page 100 undefined on input lin
e 847.


Package natbib Warning: Citation `Roberts2012' on page 100 undefined on input l
ine 847.


Package natbib Warning: Citation `Lewis1988' on page 100 undefined on input lin
e 847.


Package natbib Warning: Citation `Lewis1988' on page 100 undefined on input lin
e 847.


Package natbib Warning: Citation `Roberts2012' on page 100 undefined on input l
ine 847.


Package natbib Warning: Citation `Roberts2012' on page 100 undefined on input l
ine 847.


Package natbib Warning: Citation `Lewis1988' on page 100 undefined on input lin
e 861.


Package natbib Warning: Citation `Roberts2012' on page 100 undefined on input l
ine 861.


Package natbib Warning: Citation `Lewis1988' on page 100 undefined on input lin
e 861.


Package natbib Warning: Citation `Roberts2012' on page 100 undefined on input l
ine 861.


Package natbib Warning: Citation `Lewis1988' on page 100 undefined on input lin
e 872.


Package natbib Warning: Citation `Roberts2012' on page 100 undefined on input l
ine 872.


Package natbib Warning: Citation `Lewis1988' on page 100 undefined on input lin
e 872.


Package natbib Warning: Citation `Roberts2012' on page 100 undefined on input l
ine 872.


Package natbib Warning: Citation `Lewis1988' on page 100 undefined on input lin
e 882.


Package natbib Warning: Citation `Roberts2012' on page 100 undefined on input l
ine 882.


Package natbib Warning: Citation `Lewis1988' on page 100 undefined on input lin
e 882.


Package natbib Warning: Citation `Roberts2012' on page 100 undefined on input l
ine 882.


Package natbib Warning: Citation `Lewis1988' on page 100 undefined on input lin
e 893.


Package natbib Warning: Citation `Roberts2012' on page 100 undefined on input l
ine 893.


Package natbib Warning: Citation `Lewis1988' on page 100 undefined on input lin
e 893.


Package natbib Warning: Citation `Roberts2012' on page 100 undefined on input l
ine 893.

[100] [101] [102]
Underfull \hbox (badness 10000) in paragraph at lines 979--980

 []

[103]
Underfull \hbox (badness 10000) in paragraph at lines 1030--1031

 []

[104]
Underfull \hbox (badness 10000) in paragraph at lines 1040--1041

 []

[105] [106]

Package natbib Warning: Citation `Lewis1988' on page 107 undefined on input lin
e 1067.


Package natbib Warning: Citation `Roberts2012' on page 107 undefined on input l
ine 1067.


Package natbib Warning: Citation `Lewis1988' on page 107 undefined on input lin
e 1067.


Package natbib Warning: Citation `Roberts2012' on page 107 undefined on input l
ine 1067.


Package natbib Warning: Citation `Roberts2012' on page 107 undefined on input l
ine 1067.


Package natbib Warning: Citation `Lewis1988' on page 107 undefined on input lin
e 1067.

[107]

LaTeX Warning: Reference `chap:hurford-disj' on page 108 undefined on input lin
e 1074.


Underfull \hbox (badness 7030) in paragraph at lines 1076--1076
[]\T1/qpl/b/n/14.4 ``Compatible'' Hur-ford Dis-junc-tions and their dis-junct-w
ise
 []


LaTeX Warning: Reference `chap:hurford-disj' on page 108 undefined on input lin
e 1078.


LaTeX Warning: Reference `chap:hurford-disj' on page 108 undefined on input lin
e 1078.


LaTeX Warning: Reference `ex5:chd' on page 108 undefined on input line 1078.


LaTeX Warning: Reference `ex5:chd' on page 108 undefined on input line 1081.

[108]

LaTeX Warning: Reference `ex5:chd' on page 109 undefined on input line 1098.


Package natbib Warning: Citation `Kalomoiros2024' on page 109 undefined on inpu
t line 1098.


LaTeX Warning: Reference `ex5:chd' on page 109 undefined on input line 1116.


LaTeX Warning: Reference `ex5:chd' on page 109 undefined on input line 1120.


LaTeX Warning: Reference `ex5:chd' on page 109 undefined on input line 1120.

[109]

LaTeX Warning: Reference `ex5:chd' on page 110 undefined on input line 1125.


LaTeX Warning: Reference `ex5:chd' on page 110 undefined on input line 1127.


Underfull \hbox (badness 10000) in paragraph at lines 1149--1150

 []

[110]

LaTeX Warning: Reference `chap:hurford-disj' on page 111 undefined on input lin
e 1188.

[111]

Package natbib Warning: Citation `Singh2008a' on page 112 undefined on input li
ne 1192.


Package natbib Warning: Citation `HenotMortier2024a' on page 112 undefined on i
nput line 1192.


Underfull \hbox (badness 10000) in paragraph at lines 1192--1193

 []


LaTeX Warning: Reference `chap:hurford-disj' on page 112 undefined on input lin
e 1194.

[112] [113]
Underfull \hbox (badness 10000) in paragraph at lines 1294--1295

 []

[114]
Underfull \hbox (badness 10000) in paragraph at lines 1304--1305

 []


Underfull \hbox (badness 10000) in paragraph at lines 1317--1318

 []

[115]
Underfull \hbox (badness 10000) in paragraph at lines 1331--1332

 []


Package natbib Warning: Citation `HenotMortier2024a' on page 116 undefined on i
nput line 1335.

[116]

Package natbib Warning: Citation `Lewis1988' on page 117 undefined on input lin
e 1346.


Package natbib Warning: Citation `Roberts2012' on page 117 undefined on input l
ine 1346.


Underfull \hbox (badness 10000) in paragraph at lines 1346--1347

 []


Package natbib Warning: Citation `Geis1971' on page 117 undefined on input line
 1348.


Package natbib Warning: Citation `Lilje1972' on page 117 undefined on input lin
e 1348.


Package natbib Warning: Citation `Horn1972' on page 117 undefined on input line
 1348.


Package natbib Warning: Citation `deCornulier1983' on page 117 undefined on inp
ut line 1348.


Package natbib Warning: Citation `Matsumoto1995' on page 117 undefined on input
 line 1348.


Package natbib Warning: Citation `vanDerAuwera1997' on page 117 undefined on in
put line 1348.


Package natbib Warning: Citation `vonFintel1997' on page 117 undefined on input
 line 1348.


Package natbib Warning: Citation `vonFintel2001' on page 117 undefined on input
 line 1348.


Package natbib Warning: Citation `Herburger2015' on page 117 undefined on input
 line 1348.


Package natbib Warning: Citation `Herburger2016' on page 117 undefined on input
 line 1348.


Package natbib Warning: Citation `Bassi2018' on page 117 undefined on input lin
e 1348.


Underfull \hbox (badness 1845) in paragraph at lines 1348--1349
[]\T1/qpl/m/n/12 Beyond sim-ple HCs, we ex-plored more in-volved pre-dic-tions 
of our \T1/qpl/m/sc/12 Rel-e-vance
 []


Underfull \hbox (badness 10000) in paragraph at lines 1348--1349

 []


Package natbib Warning: Citation `HenotMortier2024a' on page 117 undefined on i
nput line 1350.


Package natbib Warning: Citation `HenotMortier2024a' on page 117 undefined on i
nput line 1350.

[117]

LaTeX Warning: Reference `chap:hurford-disj' on page 118 undefined on input lin
e 1356.


Package natbib Warning: Citation `Lewis1988' on page 118 undefined on input lin
e 1386.


Package hyperref Warning: Token not allowed in a PDF string (Unicode):
(hyperref)                removing `\begingroup' on input line 1386.


Package hyperref Warning: Token not allowed in a PDF string (Unicode):
(hyperref)                removing `\let' on input line 1386.


Package hyperref Warning: Token not allowed in a PDF string (Unicode):
(hyperref)                removing `\<let>-command' on input line 1386.


Package hyperref Warning: Token not allowed in a PDF string (Unicode):
(hyperref)                removing `\NAT@ctype' on input line 1386.


Package hyperref Warning: Token not allowed in a PDF string (Unicode):
(hyperref)                removing `\@ne' on input line 1386.


Package hyperref Warning: Token not allowed in a PDF string (Unicode):
(hyperref)                removing `\let' on input line 1386.


Package hyperref Warning: Token not allowed in a PDF string (Unicode):
(hyperref)                removing `\new@ifnextchar' on input line 1386.


Package natbib Warning: Citation `Lewis1988' on page 118 undefined on input lin
e 1388.


Package natbib Warning: Citation `Lewis1988' on page 118 undefined on input lin
e 1388.


Package natbib Warning: Citation `Lewis1988' on page 118 undefined on input lin
e 1398.


Package natbib Warning: Citation `Lewis1988' on page 118 undefined on input lin
e 1398.


Underfull \hbox (badness 10000) in paragraph at lines 1398--1399

 []

[118]

LaTeX Warning: Reference `chap:hurford-disj' on page 119 undefined on input lin
e 1406.


Package natbib Warning: Citation `Marty2022' on page 119 undefined on input lin
e 1406.


Package natbib Warning: Citation `Marty2022' on page 119 undefined on input lin
e 1406.

[119]

Package natbib Warning: Citation `Kalomoiros2024' on page 120 undefined on inpu
t line 1418.


Underfull \hbox (badness 10000) in paragraph at lines 1448--1449

 []

[120] [121]
Overfull \hbox (7.36833pt too wide) in paragraph at lines 1507--1508
 [][] 
 []


Overfull \hbox (10.51833pt too wide) in paragraph at lines 1515--1516
 [][] 
 []


Overfull \hbox (8.41833pt too wide) in paragraph at lines 1523--1524
 [][] 
 []


Overfull \hbox (15.7683pt too wide) in paragraph at lines 1531--1532
 [][] 
 []

[122]
Underfull \hbox (badness 10000) in paragraph at lines 1547--1548

 []

[123] [124]
Underfull \hbox (badness 10000) in paragraph at lines 1576--1578

 []


Underfull \hbox (badness 10000) in paragraph at lines 1579--1580

 []

[125] [126] [127]
Overfull \hbox (30.02066pt too wide) in paragraph at lines 1688--1689
 [][] 
 []


Overfull \hbox (46.6378pt too wide) in paragraph at lines 1699--1700
 [][] 
 []

[128] [129]
Overfull \hbox (29.43445pt too wide) in paragraph at lines 1769--1770
 [][] 
 []


Overfull \hbox (71.44987pt too wide) in paragraph at lines 1775--1776
 [][] 
 []

[130]
Underfull \hbox (badness 10000) in paragraph at lines 1781--1782

 []

) [131] (./dissertation.bbl)

Package natbib Warning: There were undefined citations.

(./dissertation.aux (./chap1.aux) (./chap2.aux) (./chap6.aux))
 ***********
LaTeX2e <2023-11-01> patch level 1
L3 programming layer <2024-01-22>
 ***********


LaTeX Warning: There were undefined references.


LaTeX Warning: There were multiply-defined labels.

Package rerunfilecheck Info: File `dissertation.out' has not changed.
(rerunfilecheck)             Checksum: 099FC4DCE60C6EF4893BC6F7A865ECC6;15386.
 ) 
Here is how much of TeX's memory you used:
 42180 strings out of 474222
 891084 string characters out of 5748733
 1981975 words of memory out of 5000000
 63202 multiletter control sequences out of 15000+600000
 682449 words of font info for 168 fonts, out of 8000000 for 9000
 1141 hyphenation exceptions out of 8191
 158i,32n,143p,2188b,2126s stack positions out of 10000i,1000n,20000p,200000b,200000s
</usr/share/texlive/texmf-dist/fonts/type1/public/amsfonts/cm/cmex10.pfb></us
r/share/texlive/texmf-dist/fonts/type1/public/amsfonts/cm/cmmi10.pfb></usr/shar
e/texlive/texmf-dist/fonts/type1/public/amsfonts/cm/cmmi12.pfb></usr/share/texl
ive/texmf-dist/fonts/type1/public/amsfonts/cm/cmmi5.pfb></usr/share/texlive/tex
mf-dist/fonts/type1/public/amsfonts/cm/cmmi6.pfb></usr/share/texlive/texmf-dist
/fonts/type1/public/amsfonts/cm/cmmi7.pfb></usr/share/texlive/texmf-dist/fonts/
type1/public/amsfonts/cm/cmmi8.pfb></usr/share/texlive/texmf-dist/fonts/type1/p
ublic/amsfonts/cm/cmr10.pfb></usr/share/texlive/texmf-dist/fonts/type1/public/a
msfonts/cm/cmr12.pfb></usr/share/texlive/texmf-dist/fonts/type1/public/amsfonts
/cm/cmr6.pfb></usr/share/texlive/texmf-dist/fonts/type1/public/amsfonts/cm/cmr7
.pfb></usr/share/texlive/texmf-dist/fonts/type1/public/amsfonts/cm/cmr8.pfb></u
sr/share/texlive/texmf-dist/fonts/type1/public/amsfonts/cm/cmsy10.pfb></usr/sha
re/texlive/texmf-dist/fonts/type1/public/amsfonts/cm/cmsy6.pfb></usr/share/texl
ive/texmf-dist/fonts/type1/public/amsfonts/cm/cmsy7.pfb></usr/share/texlive/tex
mf-dist/fonts/type1/public/amsfonts/cm/cmsy8.pfb></usr/share/texlive/texmf-dist
/fonts/type1/public/amsfonts/euler/eufm10.pfb></usr/share/texlive/texmf-dist/fo
nts/type1/public/amsfonts/symbols/msam10.pfb></usr/share/texlive/texmf-dist/fon
ts/type1/public/amsfonts/symbols/msbm10.pfb></usr/share/texmf/fonts/type1/publi
c/tex-gyre/qplb.pfb></usr/share/texmf/fonts/type1/public/tex-gyre/qplbi.pfb></u
sr/share/texmf/fonts/type1/public/tex-gyre/qplr.pfb></usr/share/texmf/fonts/typ
e1/public/tex-gyre/qplri.pfb></usr/share/texmf/fonts/type1/public/cm-super/sftt
1200.pfb></usr/share/texlive/texmf-dist/fonts/type1/public/stmaryrd/stmary10.pf
b></usr/share/texlive/texmf-dist/fonts/type1/public/wasy-type1/wasy10.pfb>
Output written on dissertation.pdf (134 pages, 960152 bytes).
PDF statistics:
 3662 PDF objects out of 4296 (max. 8388607)
 2896 compressed objects within 29 object streams
 592 named destinations out of 1000 (max. 500000)
 509 words of extra memory for PDF output out of 10000 (max. 10000000)

